Analysis & Synthesis report for BASIC
Thu May 02 20:52:35 2019
Quartus Prime Version 18.1.0 Build 625 09/12/2018 SJ Lite Edition


---------------------
; Table of Contents ;
---------------------
  1. Legal Notice
  2. Analysis & Synthesis Summary
  3. Analysis & Synthesis Settings
  4. Parallel Compilation
  5. Analysis & Synthesis Source Files Read
  6. Analysis & Synthesis Resource Usage Summary
  7. Analysis & Synthesis Resource Utilization by Entity
  8. User-Specified and Inferred Latches
  9. Registers Removed During Synthesis
 10. General Register Statistics
 11. Parameter Settings for User Entity Instance: LED_state:LED1
 12. Parameter Settings for User Entity Instance: status:LED
 13. Port Connectivity Checks: "SEG7_LUT:seg1"
 14. Port Connectivity Checks: "SEG7_LUT:seg0"
 15. Port Connectivity Checks: "status:LED"
 16. Port Connectivity Checks: "LED_state:LED1"
 17. Post-Synthesis Netlist Statistics for Top Partition
 18. Elapsed Time Per Partition
 19. Analysis & Synthesis Messages



----------------
; Legal Notice ;
----------------
Copyright (C) 2018  Intel Corporation. All rights reserved.
Your use of Intel Corporation's design tools, logic functions 
and other software and tools, and its AMPP partner logic 
functions, and any output files from any of the foregoing 
(including device programming or simulation files), and any 
associated documentation or information are expressly subject 
to the terms and conditions of the Intel Program License 
Subscription Agreement, the Intel Quartus Prime License Agreement,
the Intel FPGA IP License Agreement, or other applicable license
agreement, including, without limitation, that your use is for
the sole purpose of programming logic devices manufactured by
Intel and sold by Intel or its authorized distributors.  Please
refer to the applicable agreement for further details.



+----------------------------------------------------------------------------------+
; Analysis & Synthesis Summary                                                     ;
+------------------------------------+---------------------------------------------+
; Analysis & Synthesis Status        ; Successful - Thu May 02 20:52:35 2019       ;
; Quartus Prime Version              ; 18.1.0 Build 625 09/12/2018 SJ Lite Edition ;
; Revision Name                      ; BASIC                                       ;
; Top-level Entity Name              ; BASIC                                       ;
; Family                             ; Cyclone IV E                                ;
; Total logic elements               ; 38                                          ;
;     Total combinational functions  ; 38                                          ;
;     Dedicated logic registers      ; 26                                          ;
; Total registers                    ; 26                                          ;
; Total pins                         ; 46                                          ;
; Total virtual pins                 ; 0                                           ;
; Total memory bits                  ; 0                                           ;
; Embedded Multiplier 9-bit elements ; 0                                           ;
; Total PLLs                         ; 0                                           ;
+------------------------------------+---------------------------------------------+


+------------------------------------------------------------------------------------------------------------+
; Analysis & Synthesis Settings                                                                              ;
+------------------------------------------------------------------+--------------------+--------------------+
; Option                                                           ; Setting            ; Default Value      ;
+------------------------------------------------------------------+--------------------+--------------------+
; Device                                                           ; EP4CE115F29C7      ;                    ;
; Top-level entity name                                            ; BASIC              ; BASIC              ;
; Family name                                                      ; Cyclone IV E       ; Stratix II         ;
; Use smart compilation                                            ; Off                ; Off                ;
; Enable parallel Assembler and Timing Analyzer during compilation ; On                 ; On                 ;
; Enable compact report table                                      ; Off                ; Off                ;
; Restructure Multiplexers                                         ; Auto               ; Auto               ;
; Create Debugging Nodes for IP Cores                              ; Off                ; Off                ;
; Preserve fewer node names                                        ; On                 ; On                 ;
; Intel FPGA IP Evaluation Mode                                    ; Enable             ; Enable             ;
; Verilog Version                                                  ; Verilog_2001       ; Verilog_2001       ;
; VHDL Version                                                     ; VHDL_1993          ; VHDL_1993          ;
; State Machine Processing                                         ; Auto               ; Auto               ;
; Safe State Machine                                               ; Off                ; Off                ;
; Extract Verilog State Machines                                   ; On                 ; On                 ;
; Extract VHDL State Machines                                      ; On                 ; On                 ;
; Ignore Verilog initial constructs                                ; Off                ; Off                ;
; Iteration limit for constant Verilog loops                       ; 5000               ; 5000               ;
; Iteration limit for non-constant Verilog loops                   ; 250                ; 250                ;
; Add Pass-Through Logic to Inferred RAMs                          ; On                 ; On                 ;
; Infer RAMs from Raw Logic                                        ; On                 ; On                 ;
; Parallel Synthesis                                               ; On                 ; On                 ;
; DSP Block Balancing                                              ; Auto               ; Auto               ;
; NOT Gate Push-Back                                               ; On                 ; On                 ;
; Power-Up Don't Care                                              ; On                 ; On                 ;
; Remove Redundant Logic Cells                                     ; Off                ; Off                ;
; Remove Duplicate Registers                                       ; On                 ; On                 ;
; Ignore CARRY Buffers                                             ; Off                ; Off                ;
; Ignore CASCADE Buffers                                           ; Off                ; Off                ;
; Ignore GLOBAL Buffers                                            ; Off                ; Off                ;
; Ignore ROW GLOBAL Buffers                                        ; Off                ; Off                ;
; Ignore LCELL Buffers                                             ; Off                ; Off                ;
; Ignore SOFT Buffers                                              ; On                 ; On                 ;
; Limit AHDL Integers to 32 Bits                                   ; Off                ; Off                ;
; Optimization Technique                                           ; Balanced           ; Balanced           ;
; Carry Chain Length                                               ; 70                 ; 70                 ;
; Auto Carry Chains                                                ; On                 ; On                 ;
; Auto Open-Drain Pins                                             ; On                 ; On                 ;
; Perform WYSIWYG Primitive Resynthesis                            ; Off                ; Off                ;
; Auto ROM Replacement                                             ; On                 ; On                 ;
; Auto RAM Replacement                                             ; On                 ; On                 ;
; Auto DSP Block Replacement                                       ; On                 ; On                 ;
; Auto Shift Register Replacement                                  ; Auto               ; Auto               ;
; Allow Shift Register Merging across Hierarchies                  ; Auto               ; Auto               ;
; Auto Clock Enable Replacement                                    ; On                 ; On                 ;
; Strict RAM Replacement                                           ; Off                ; Off                ;
; Allow Synchronous Control Signals                                ; On                 ; On                 ;
; Force Use of Synchronous Clear Signals                           ; Off                ; Off                ;
; Auto RAM Block Balancing                                         ; On                 ; On                 ;
; Auto RAM to Logic Cell Conversion                                ; Off                ; Off                ;
; Auto Resource Sharing                                            ; Off                ; Off                ;
; Allow Any RAM Size For Recognition                               ; Off                ; Off                ;
; Allow Any ROM Size For Recognition                               ; Off                ; Off                ;
; Allow Any Shift Register Size For Recognition                    ; Off                ; Off                ;
; Use LogicLock Constraints during Resource Balancing              ; On                 ; On                 ;
; Ignore translate_off and synthesis_off directives                ; Off                ; Off                ;
; Timing-Driven Synthesis                                          ; On                 ; On                 ;
; Report Parameter Settings                                        ; On                 ; On                 ;
; Report Source Assignments                                        ; On                 ; On                 ;
; Report Connectivity Checks                                       ; On                 ; On                 ;
; Ignore Maximum Fan-Out Assignments                               ; Off                ; Off                ;
; Synchronization Register Chain Length                            ; 2                  ; 2                  ;
; Power Optimization During Synthesis                              ; Normal compilation ; Normal compilation ;
; HDL message level                                                ; Level2             ; Level2             ;
; Suppress Register Optimization Related Messages                  ; Off                ; Off                ;
; Number of Removed Registers Reported in Synthesis Report         ; 5000               ; 5000               ;
; Number of Swept Nodes Reported in Synthesis Report               ; 5000               ; 5000               ;
; Number of Inverted Registers Reported in Synthesis Report        ; 100                ; 100                ;
; Clock MUX Protection                                             ; On                 ; On                 ;
; Auto Gated Clock Conversion                                      ; Off                ; Off                ;
; Block Design Naming                                              ; Auto               ; Auto               ;
; SDC constraint protection                                        ; Off                ; Off                ;
; Synthesis Effort                                                 ; Auto               ; Auto               ;
; Shift Register Replacement - Allow Asynchronous Clear Signal     ; On                 ; On                 ;
; Pre-Mapping Resynthesis Optimization                             ; Off                ; Off                ;
; Analysis & Synthesis Message Level                               ; Medium             ; Medium             ;
; Disable Register Merging Across Hierarchies                      ; Auto               ; Auto               ;
; Resource Aware Inference For Block RAM                           ; On                 ; On                 ;
+------------------------------------------------------------------+--------------------+--------------------+


+------------------------------------------+
; Parallel Compilation                     ;
+----------------------------+-------------+
; Processors                 ; Number      ;
+----------------------------+-------------+
; Number detected on machine ; 8           ;
; Maximum allowed            ; 4           ;
;                            ;             ;
; Average used               ; 1.00        ;
; Maximum used               ; 4           ;
;                            ;             ;
; Usage by Processor         ; % Time Used ;
;     Processor 1            ; 100.0%      ;
;     Processors 2-4         ;   0.0%      ;
+----------------------------+-------------+


+--------------------------------------------------------------------------------------------------------------------------------+
; Analysis & Synthesis Source Files Read                                                                                         ;
+----------------------------------+-----------------+------------------------------+----------------------------------+---------+
; File Name with User-Entered Path ; Used in Netlist ; File Type                    ; File Name with Absolute Path     ; Library ;
+----------------------------------+-----------------+------------------------------+----------------------------------+---------+
; SEG7_LUT.v                       ; yes             ; User Verilog HDL File        ; H:/Counter1 - modift/SEG7_LUT.v  ;         ;
; LED_state.v                      ; yes             ; User Verilog HDL File        ; H:/Counter1 - modift/LED_state.v ;         ;
; status.v                         ; yes             ; User Verilog HDL File        ; H:/Counter1 - modift/status.v    ;         ;
; basic.v                          ; yes             ; Auto-Found Verilog HDL File  ; H:/Counter1 - modift/basic.v     ;         ;
+----------------------------------+-----------------+------------------------------+----------------------------------+---------+


+--------------------------------------------------------------+
; Analysis & Synthesis Resource Usage Summary                  ;
+---------------------------------------------+----------------+
; Resource                                    ; Usage          ;
+---------------------------------------------+----------------+
; Estimated Total logic elements              ; 38             ;
;                                             ;                ;
; Total combinational functions               ; 38             ;
; Logic element usage by number of LUT inputs ;                ;
;     -- 4 input functions                    ; 0              ;
;     -- 3 input functions                    ; 11             ;
;     -- <=2 input functions                  ; 27             ;
;                                             ;                ;
; Logic elements by mode                      ;                ;
;     -- normal mode                          ; 16             ;
;     -- arithmetic mode                      ; 22             ;
;                                             ;                ;
; Total registers                             ; 26             ;
;     -- Dedicated logic registers            ; 26             ;
;     -- I/O registers                        ; 0              ;
;                                             ;                ;
; I/O pins                                    ; 46             ;
;                                             ;                ;
; Embedded Multiplier 9-bit elements          ; 0              ;
;                                             ;                ;
; Maximum fan-out node                        ; CLOCK_50~input ;
; Maximum fan-out                             ; 24             ;
; Total fan-out                               ; 199            ;
; Average fan-out                             ; 1.28           ;
+---------------------------------------------+----------------+


+------------------------------------------------------------------------------------------------------------------------------------------------------------------------------------------------------------+
; Analysis & Synthesis Resource Utilization by Entity                                                                                                                                                        ;
+----------------------------+---------------------+---------------------------+-------------+--------------+---------+-----------+------+--------------+-----------------------+-------------+--------------+
; Compilation Hierarchy Node ; Combinational ALUTs ; Dedicated Logic Registers ; Memory Bits ; DSP Elements ; DSP 9x9 ; DSP 18x18 ; Pins ; Virtual Pins ; Full Hierarchy Name   ; Entity Name ; Library Name ;
+----------------------------+---------------------+---------------------------+-------------+--------------+---------+-----------+------+--------------+-----------------------+-------------+--------------+
; |BASIC                     ; 38 (24)             ; 26 (24)                   ; 0           ; 0            ; 0       ; 0         ; 46   ; 0            ; |BASIC                ; BASIC       ; work         ;
;    |LED_state:LED1|        ; 11 (11)             ; 2 (2)                     ; 0           ; 0            ; 0       ; 0         ; 0    ; 0            ; |BASIC|LED_state:LED1 ; LED_state   ; work         ;
;    |SEG7_LUT:seg0|         ; 3 (3)               ; 0 (0)                     ; 0           ; 0            ; 0       ; 0         ; 0    ; 0            ; |BASIC|SEG7_LUT:seg0  ; SEG7_LUT    ; work         ;
+----------------------------+---------------------+---------------------------+-------------+--------------+---------+-----------+------+--------------+-----------------------+-------------+--------------+
Note: For table entries with two numbers listed, the numbers in parentheses indicate the number of resources of the given type used by the specific entity alone. The numbers listed outside of parentheses indicate the total resources of the given type used by the specific entity and all of its sub-entities in the hierarchy.


+-------------------------------------------------------------------------------------------------------+
; User-Specified and Inferred Latches                                                                   ;
+----------------------------------------------------+-------------------------+------------------------+
; Latch Name                                         ; Latch Enable Signal     ; Free of Timing Hazards ;
+----------------------------------------------------+-------------------------+------------------------+
; LED_state:LED1|LEDG[0]                             ; LED_state:LED1|value[0] ; yes                    ;
; LED_state:LED1|LEDG[1]                             ; LED_state:LED1|value[0] ; yes                    ;
; LED_state:LED1|LEDG[2]                             ; LED_state:LED1|value[0] ; yes                    ;
; LED_state:LED1|LEDG[3]                             ; LED_state:LED1|value[0] ; yes                    ;
; LED_state:LED1|LEDG[4]                             ; LED_state:LED1|value[0] ; yes                    ;
; LED_state:LED1|LEDG[5]                             ; LED_state:LED1|value[0] ; yes                    ;
; LED_state:LED1|LEDG[6]                             ; LED_state:LED1|value[0] ; yes                    ;
; LED_state:LED1|LEDG[7]                             ; LED_state:LED1|value[0] ; yes                    ;
; LED_state:LED1|value[0]                            ; GND                     ; yes                    ;
; Number of user-specified and inferred latches = 9  ;                         ;                        ;
+----------------------------------------------------+-------------------------+------------------------+
Note: All latches listed above may not be present at the end of synthesis due to various synthesis optimizations.


+--------------------------------------------------------------------------------+
; Registers Removed During Synthesis                                             ;
+---------------------------------------+----------------------------------------+
; Register name                         ; Reason for Removal                     ;
+---------------------------------------+----------------------------------------+
; LED_state:LED1|state[2]               ; Stuck at GND due to stuck port data_in ;
; counter_inc[24..27]                   ; Lost fanout                            ;
; Total Number of Removed Registers = 5 ;                                        ;
+---------------------------------------+----------------------------------------+


+------------------------------------------------------+
; General Register Statistics                          ;
+----------------------------------------------+-------+
; Statistic                                    ; Value ;
+----------------------------------------------+-------+
; Total registers                              ; 26    ;
; Number of registers using Synchronous Clear  ; 0     ;
; Number of registers using Synchronous Load   ; 0     ;
; Number of registers using Asynchronous Clear ; 2     ;
; Number of registers using Asynchronous Load  ; 0     ;
; Number of registers using Clock Enable       ; 0     ;
; Number of registers using Preset             ; 0     ;
+----------------------------------------------+-------+


+-------------------------------------------------------------+
; Parameter Settings for User Entity Instance: LED_state:LED1 ;
+----------------+-------+------------------------------------+
; Parameter Name ; Value ; Type                               ;
+----------------+-------+------------------------------------+
; S0             ; 0     ; Signed Integer                     ;
; S1             ; 1     ; Signed Integer                     ;
; S2             ; 2     ; Signed Integer                     ;
; S3             ; 3     ; Signed Integer                     ;
; S4             ; 4     ; Signed Integer                     ;
; S5             ; 5     ; Signed Integer                     ;
+----------------+-------+------------------------------------+
Note: In order to hide this table in the UI and the text report file, please set the "Show Parameter Settings in Synthesis Report" option in "Analysis and Synthesis Settings -> More Settings" to "Off".


+---------------------------------------------------------+
; Parameter Settings for User Entity Instance: status:LED ;
+----------------+-------+--------------------------------+
; Parameter Name ; Value ; Type                           ;
+----------------+-------+--------------------------------+
; S0             ; 0     ; Signed Integer                 ;
; S1             ; 1     ; Signed Integer                 ;
; S2             ; 2     ; Signed Integer                 ;
; S3             ; 3     ; Signed Integer                 ;
; S4             ; 4     ; Signed Integer                 ;
; S5             ; 5     ; Signed Integer                 ;
+----------------+-------+--------------------------------+
Note: In order to hide this table in the UI and the text report file, please set the "Show Parameter Settings in Synthesis Report" option in "Analysis and Synthesis Settings -> More Settings" to "Off".


+--------------------------------------------------------------------------------------------------------------------------------------------------------------------------------------------------------------------+
; Port Connectivity Checks: "SEG7_LUT:seg1"                                                                                                                                                                          ;
+------------+-------+----------+------------------------------------------------------------------------------------------------------------------------------------------------------------------------------------+
; Port       ; Type  ; Severity ; Details                                                                                                                                                                            ;
+------------+-------+----------+------------------------------------------------------------------------------------------------------------------------------------------------------------------------------------+
; iDIG       ; Input ; Warning  ; Input port expression (32 bits) is wider than the input port (4 bits) it drives.  The 28 most-significant bit(s) in the expression will be dangling if they have no other fanouts. ;
; iDIG[3..0] ; Input ; Info     ; Stuck at GND                                                                                                                                                                       ;
+------------+-------+----------+------------------------------------------------------------------------------------------------------------------------------------------------------------------------------------+


+------------------------------------------------------------------------------------------------------------------------------------------------------------------------+
; Port Connectivity Checks: "SEG7_LUT:seg0"                                                                                                                              ;
+------+-------+----------+----------------------------------------------------------------------------------------------------------------------------------------------+
; Port ; Type  ; Severity ; Details                                                                                                                                      ;
+------+-------+----------+----------------------------------------------------------------------------------------------------------------------------------------------+
; iDIG ; Input ; Warning  ; Input port expression (3 bits) is smaller than the input port (4 bits) it drives.  Extra input bit(s) "iDIG[3..3]" will be connected to GND. ;
+------+-------+----------+----------------------------------------------------------------------------------------------------------------------------------------------+


+--------------------------------------------------------------------------------------------------------------------------------------+
; Port Connectivity Checks: "status:LED"                                                                                               ;
+-------+--------+----------+----------------------------------------------------------------------------------------------------------+
; Port  ; Type   ; Severity ; Details                                                                                                  ;
+-------+--------+----------+----------------------------------------------------------------------------------------------------------+
; state ; Output ; Warning  ; Declared by entity but not connected by instance. Logic that only feeds a dangling port will be removed. ;
+-------+--------+----------+----------------------------------------------------------------------------------------------------------+


+--------------------------------------------------------------------------------------------------------------------------------------------------------------------------------------------------+
; Port Connectivity Checks: "LED_state:LED1"                                                                                                                                                       ;
+------+--------+----------+-----------------------------------------------------------------------------------------------------------------------------------------------------------------------+
; Port ; Type   ; Severity ; Details                                                                                                                                                               ;
+------+--------+----------+-----------------------------------------------------------------------------------------------------------------------------------------------------------------------+
; LEDG ; Output ; Warning  ; Output or bidir port (8 bits) is smaller than the port expression (9 bits) it drives.  The 1 most-significant bit(s) in the port expression will be connected to GND. ;
+------+--------+----------+-----------------------------------------------------------------------------------------------------------------------------------------------------------------------+


+-----------------------------------------------------+
; Post-Synthesis Netlist Statistics for Top Partition ;
+-----------------------+-----------------------------+
; Type                  ; Count                       ;
+-----------------------+-----------------------------+
; boundary_port         ; 46                          ;
; cycloneiii_ff         ; 26                          ;
;     CLR               ; 2                           ;
;     plain             ; 24                          ;
; cycloneiii_lcell_comb ; 41                          ;
;     arith             ; 22                          ;
;         2 data inputs ; 21                          ;
;         3 data inputs ; 1                           ;
;     normal            ; 19                          ;
;         0 data inputs ; 2                           ;
;         1 data inputs ; 3                           ;
;         2 data inputs ; 4                           ;
;         3 data inputs ; 10                          ;
;                       ;                             ;
; Max LUT depth         ; 3.20                        ;
; Average LUT depth     ; 2.09                        ;
+-----------------------+-----------------------------+


+-------------------------------+
; Elapsed Time Per Partition    ;
+----------------+--------------+
; Partition Name ; Elapsed Time ;
+----------------+--------------+
; Top            ; 00:00:01     ;
+----------------+--------------+


+-------------------------------+
; Analysis & Synthesis Messages ;
+-------------------------------+
Info: *******************************************************************
Info: Running Quartus Prime Analysis & Synthesis
    Info: Version 18.1.0 Build 625 09/12/2018 SJ Lite Edition
    Info: Processing started: Thu May 02 20:52:19 2019
Info: Command: quartus_map --read_settings_files=on --write_settings_files=off BASIC -c BASIC
Warning (18236): Number of processors has not been specified which may cause overloading on shared machines.  Set the global assignment NUM_PARALLEL_PROCESSORS in your QSF to an appropriate value for best performance.
Info (20030): Parallel compilation is enabled and will use 4 of the 4 processors detected
Info (12021): Found 1 design units, including 1 entities, in source file seg7_lut.v
    Info (12023): Found entity 1: SEG7_LUT File: H:/Counter1 - modift/SEG7_LUT.v Line: 1
Info (12021): Found 1 design units, including 1 entities, in source file led_state.v
    Info (12023): Found entity 1: LED_state File: H:/Counter1 - modift/LED_state.v Line: 8
Info (12021): Found 1 design units, including 1 entities, in source file status.v
    Info (12023): Found entity 1: status File: H:/Counter1 - modift/status.v Line: 1
Warning (12125): Using design file basic.v, which is not specified as a design file for the current project, but contains definitions for 1 design units and 1 entities in project
    Info (12023): Found entity 1: BASIC File: H:/Counter1 - modift/basic.v Line: 1
Info (12127): Elaborating entity "BASIC" for the top level hierarchy
Info (12128): Elaborating entity "LED_state" for hierarchy "LED_state:LED1" File: H:/Counter1 - modift/basic.v Line: 24
Warning (10235): Verilog HDL Always Construct warning at LED_state.v(24): variable "value" is read inside the Always Construct but isn't in the Always Construct's Event Control File: H:/Counter1 - modift/LED_state.v Line: 24
Warning (10235): Verilog HDL Always Construct warning at LED_state.v(25): variable "LEDG" is read inside the Always Construct but isn't in the Always Construct's Event Control File: H:/Counter1 - modift/LED_state.v Line: 25
Warning (10235): Verilog HDL Always Construct warning at LED_state.v(31): variable "clk" is read inside the Always Construct but isn't in the Always Construct's Event Control File: H:/Counter1 - modift/LED_state.v Line: 31
Warning (10235): Verilog HDL Always Construct warning at LED_state.v(35): variable "clk" is read inside the Always Construct but isn't in the Always Construct's Event Control File: H:/Counter1 - modift/LED_state.v Line: 35
Warning (10240): Verilog HDL Always Construct warning at LED_state.v(23): inferring latch(es) for variable "LEDG", which holds its previous value in one or more paths through the always construct File: H:/Counter1 - modift/LED_state.v Line: 23
Warning (10230): Verilog HDL assignment warning at LED_state.v(44): truncated value with size 32 to match size of target (3) File: H:/Counter1 - modift/LED_state.v Line: 44
Warning (10230): Verilog HDL assignment warning at LED_state.v(49): truncated value with size 32 to match size of target (3) File: H:/Counter1 - modift/LED_state.v Line: 49
Warning (10230): Verilog HDL assignment warning at LED_state.v(51): truncated value with size 32 to match size of target (3) File: H:/Counter1 - modift/LED_state.v Line: 51
Warning (10230): Verilog HDL assignment warning at LED_state.v(54): truncated value with size 32 to match size of target (3) File: H:/Counter1 - modift/LED_state.v Line: 54
Warning (10230): Verilog HDL assignment warning at LED_state.v(56): truncated value with size 32 to match size of target (3) File: H:/Counter1 - modift/LED_state.v Line: 56
Warning (10230): Verilog HDL assignment warning at LED_state.v(59): truncated value with size 32 to match size of target (3) File: H:/Counter1 - modift/LED_state.v Line: 59
Warning (10230): Verilog HDL assignment warning at LED_state.v(61): truncated value with size 32 to match size of target (3) File: H:/Counter1 - modift/LED_state.v Line: 61
Warning (10230): Verilog HDL assignment warning at LED_state.v(64): truncated value with size 32 to match size of target (3) File: H:/Counter1 - modift/LED_state.v Line: 64
Warning (10230): Verilog HDL assignment warning at LED_state.v(66): truncated value with size 32 to match size of target (3) File: H:/Counter1 - modift/LED_state.v Line: 66
Warning (10240): Verilog HDL Always Construct warning at LED_state.v(70): inferring latch(es) for variable "value", which holds its previous value in one or more paths through the always construct File: H:/Counter1 - modift/LED_state.v Line: 70
Info (10041): Inferred latch for "value[0]" at LED_state.v(73) File: H:/Counter1 - modift/LED_state.v Line: 73
Info (10041): Inferred latch for "LEDG[0]" at LED_state.v(27) File: H:/Counter1 - modift/LED_state.v Line: 27
Info (10041): Inferred latch for "LEDG[1]" at LED_state.v(27) File: H:/Counter1 - modift/LED_state.v Line: 27
Info (10041): Inferred latch for "LEDG[2]" at LED_state.v(27) File: H:/Counter1 - modift/LED_state.v Line: 27
Info (10041): Inferred latch for "LEDG[3]" at LED_state.v(27) File: H:/Counter1 - modift/LED_state.v Line: 27
Info (10041): Inferred latch for "LEDG[4]" at LED_state.v(27) File: H:/Counter1 - modift/LED_state.v Line: 27
Info (10041): Inferred latch for "LEDG[5]" at LED_state.v(27) File: H:/Counter1 - modift/LED_state.v Line: 27
Info (10041): Inferred latch for "LEDG[6]" at LED_state.v(27) File: H:/Counter1 - modift/LED_state.v Line: 27
Info (10041): Inferred latch for "LEDG[7]" at LED_state.v(27) File: H:/Counter1 - modift/LED_state.v Line: 27
Info (12128): Elaborating entity "status" for hierarchy "status:LED" File: H:/Counter1 - modift/basic.v Line: 25
Warning (10235): Verilog HDL Always Construct warning at status.v(12): variable "clk" is read inside the Always Construct but isn't in the Always Construct's Event Control File: H:/Counter1 - modift/status.v Line: 12
Warning (10235): Verilog HDL Always Construct warning at status.v(16): variable "clk" is read inside the Always Construct but isn't in the Always Construct's Event Control File: H:/Counter1 - modift/status.v Line: 16
Warning (10030): Net "state" at status.v(4) has no driver or initial value, using a default initial value '0' File: H:/Counter1 - modift/status.v Line: 4
Info (12128): Elaborating entity "SEG7_LUT" for hierarchy "SEG7_LUT:seg0" File: H:/Counter1 - modift/basic.v Line: 26
Warning (12241): 4 hierarchies have connectivity warnings - see the Connectivity Checks report folder
Info (13025): Duplicate LATCH primitives merged into single LATCH primitive
    Info (13026): Duplicate LATCH primitive "LED_state:LED1|LEDG[6]" merged with LATCH primitive "LED_state:LED1|LEDG[0]" File: H:/Counter1 - modift/LED_state.v Line: 27
    Info (13026): Duplicate LATCH primitive "LED_state:LED1|LEDG[7]" merged with LATCH primitive "LED_state:LED1|LEDG[1]" File: H:/Counter1 - modift/LED_state.v Line: 27
    Info (13026): Duplicate LATCH primitive "LED_state:LED1|LEDG[5]" merged with LATCH primitive "LED_state:LED1|LEDG[1]" File: H:/Counter1 - modift/LED_state.v Line: 27
    Info (13026): Duplicate LATCH primitive "LED_state:LED1|LEDG[4]" merged with LATCH primitive "LED_state:LED1|LEDG[2]" File: H:/Counter1 - modift/LED_state.v Line: 27
Warning (13024): Output pins are stuck at VCC or GND
    Warning (13410): Pin "LEDG[8]" is stuck at GND File: H:/Counter1 - modift/basic.v Line: 11
    Warning (13410): Pin "LEDR[0]" is stuck at VCC File: H:/Counter1 - modift/basic.v Line: 12
    Warning (13410): Pin "LEDR[1]" is stuck at VCC File: H:/Counter1 - modift/basic.v Line: 12
    Warning (13410): Pin "LEDR[2]" is stuck at VCC File: H:/Counter1 - modift/basic.v Line: 12
    Warning (13410): Pin "LEDR[3]" is stuck at VCC File: H:/Counter1 - modift/basic.v Line: 12
    Warning (13410): Pin "LEDR[4]" is stuck at VCC File: H:/Counter1 - modift/basic.v Line: 12
    Warning (13410): Pin "LEDR[5]" is stuck at VCC File: H:/Counter1 - modift/basic.v Line: 12
    Warning (13410): Pin "LEDR[6]" is stuck at VCC File: H:/Counter1 - modift/basic.v Line: 12
    Warning (13410): Pin "LEDR[7]" is stuck at VCC File: H:/Counter1 - modift/basic.v Line: 12
    Warning (13410): Pin "LEDR[8]" is stuck at VCC File: H:/Counter1 - modift/basic.v Line: 12
    Warning (13410): Pin "LEDR[9]" is stuck at VCC File: H:/Counter1 - modift/basic.v Line: 12
    Warning (13410): Pin "LEDR[10]" is stuck at VCC File: H:/Counter1 - modift/basic.v Line: 12
    Warning (13410): Pin "LEDR[11]" is stuck at VCC File: H:/Counter1 - modift/basic.v Line: 12
    Warning (13410): Pin "LEDR[12]" is stuck at VCC File: H:/Counter1 - modift/basic.v Line: 12
    Warning (13410): Pin "LEDR[13]" is stuck at VCC File: H:/Counter1 - modift/basic.v Line: 12
    Warning (13410): Pin "LEDR[14]" is stuck at VCC File: H:/Counter1 - modift/basic.v Line: 12
    Warning (13410): Pin "LEDR[15]" is stuck at VCC File: H:/Counter1 - modift/basic.v Line: 12
    Warning (13410): Pin "LEDR[16]" is stuck at VCC File: H:/Counter1 - modift/basic.v Line: 12
    Warning (13410): Pin "LEDR[17]" is stuck at VCC File: H:/Counter1 - modift/basic.v Line: 12
    Warning (13410): Pin "HEX1[0]" is stuck at GND File: H:/Counter1 - modift/basic.v Line: 13
    Warning (13410): Pin "HEX1[1]" is stuck at GND File: H:/Counter1 - modift/basic.v Line: 13
    Warning (13410): Pin "HEX1[2]" is stuck at GND File: H:/Counter1 - modift/basic.v Line: 13
    Warning (13410): Pin "HEX1[3]" is stuck at GND File: H:/Counter1 - modift/basic.v Line: 13
    Warning (13410): Pin "HEX1[4]" is stuck at GND File: H:/Counter1 - modift/basic.v Line: 13
    Warning (13410): Pin "HEX1[5]" is stuck at GND File: H:/Counter1 - modift/basic.v Line: 13
    Warning (13410): Pin "HEX1[6]" is stuck at VCC File: H:/Counter1 - modift/basic.v Line: 13
    Warning (13410): Pin "HEX0[1]" is stuck at GND File: H:/Counter1 - modift/basic.v Line: 13
Info (286030): Timing-Driven Synthesis is running
Info (17049): 4 registers lost all their fanouts during netlist optimizations.
Info (16010): Generating hard_block partition "hard_block:auto_generated_inst"
    Info (16011): Adding 0 node(s), including 0 DDIO, 0 PLL, 0 transceiver and 0 LCELL
Info (21057): Implemented 84 device resources after synthesis - the final resource count might be different
    Info (21058): Implemented 5 input pins
    Info (21059): Implemented 41 output pins
    Info (21061): Implemented 38 logic cells
Info: Quartus Prime Analysis & Synthesis was successful. 0 errors, 49 warnings
    Info: Peak virtual memory: 4785 megabytes
    Info: Processing ended: Thu May 02 20:52:35 2019
    Info: Elapsed time: 00:00:16
    Info: Total CPU time (on all processors): 00:00:27


