Timing Analyzer report for 0321
Thu Mar 21 20:36:58 2019
Quartus Prime Version 18.1.0 Build 625 09/12/2018 SJ Lite Edition


---------------------
; Table of Contents ;
---------------------
  1. Legal Notice
  2. Timing Analyzer Summary
  3. Parallel Compilation
  4. Clocks
  5. Slow 1200mV 85C Model Fmax Summary
  6. Timing Closure Recommendations
  7. Slow 1200mV 85C Model Setup Summary
  8. Slow 1200mV 85C Model Hold Summary
  9. Slow 1200mV 85C Model Recovery Summary
 10. Slow 1200mV 85C Model Removal Summary
 11. Slow 1200mV 85C Model Minimum Pulse Width Summary
 12. Slow 1200mV 85C Model Setup: 'CLOCK_50'
 13. Slow 1200mV 85C Model Hold: 'CLOCK_50'
 14. Slow 1200mV 85C Model Metastability Summary
 15. Slow 1200mV 0C Model Fmax Summary
 16. Slow 1200mV 0C Model Setup Summary
 17. Slow 1200mV 0C Model Hold Summary
 18. Slow 1200mV 0C Model Recovery Summary
 19. Slow 1200mV 0C Model Removal Summary
 20. Slow 1200mV 0C Model Minimum Pulse Width Summary
 21. Slow 1200mV 0C Model Setup: 'CLOCK_50'
 22. Slow 1200mV 0C Model Hold: 'CLOCK_50'
 23. Slow 1200mV 0C Model Metastability Summary
 24. Fast 1200mV 0C Model Setup Summary
 25. Fast 1200mV 0C Model Hold Summary
 26. Fast 1200mV 0C Model Recovery Summary
 27. Fast 1200mV 0C Model Removal Summary
 28. Fast 1200mV 0C Model Minimum Pulse Width Summary
 29. Fast 1200mV 0C Model Setup: 'CLOCK_50'
 30. Fast 1200mV 0C Model Hold: 'CLOCK_50'
 31. Fast 1200mV 0C Model Metastability Summary
 32. Multicorner Timing Analysis Summary
 33. Board Trace Model Assignments
 34. Input Transition Times
 35. Signal Integrity Metrics (Slow 1200mv 0c Model)
 36. Signal Integrity Metrics (Slow 1200mv 85c Model)
 37. Signal Integrity Metrics (Fast 1200mv 0c Model)
 38. Setup Transfers
 39. Hold Transfers
 40. Report TCCS
 41. Report RSKM
 42. Unconstrained Paths Summary
 43. Clock Status Summary
 44. Unconstrained Input Ports
 45. Unconstrained Output Ports
 46. Unconstrained Input Ports
 47. Unconstrained Output Ports
 48. Timing Analyzer Messages



----------------
; Legal Notice ;
----------------
Copyright (C) 2018  Intel Corporation. All rights reserved.
Your use of Intel Corporation's design tools, logic functions 
and other software and tools, and its AMPP partner logic 
functions, and any output files from any of the foregoing 
(including device programming or simulation files), and any 
associated documentation or information are expressly subject 
to the terms and conditions of the Intel Program License 
Subscription Agreement, the Intel Quartus Prime License Agreement,
the Intel FPGA IP License Agreement, or other applicable license
agreement, including, without limitation, that your use is for
the sole purpose of programming logic devices manufactured by
Intel and sold by Intel or its authorized distributors.  Please
refer to the applicable agreement for further details.



+-----------------------------------------------------------------------------+
; Timing Analyzer Summary                                                     ;
+-----------------------+-----------------------------------------------------+
; Quartus Prime Version ; Version 18.1.0 Build 625 09/12/2018 SJ Lite Edition ;
; Timing Analyzer       ; Legacy Timing Analyzer                              ;
; Revision Name         ; 0321                                                ;
; Device Family         ; Cyclone IV E                                        ;
; Device Name           ; EP4CE115F29C7                                       ;
; Timing Models         ; Final                                               ;
; Delay Model           ; Combined                                            ;
; Rise/Fall Delays      ; Enabled                                             ;
+-----------------------+-----------------------------------------------------+


+------------------------------------------+
; Parallel Compilation                     ;
+----------------------------+-------------+
; Processors                 ; Number      ;
+----------------------------+-------------+
; Number detected on machine ; 8           ;
; Maximum allowed            ; 4           ;
;                            ;             ;
; Average used               ; 1.00        ;
; Maximum used               ; 4           ;
;                            ;             ;
; Usage by Processor         ; % Time Used ;
;     Processor 1            ; 100.0%      ;
;     Processors 2-4         ;   0.1%      ;
+----------------------------+-------------+


+--------------------------------------------------------------------------------------------------------------------------------------------------------------------------------------+
; Clocks                                                                                                                                                                               ;
+------------+------+--------+------------+-------+-------+------------+-----------+-------------+-------+--------+-----------+------------+----------+--------+--------+--------------+
; Clock Name ; Type ; Period ; Frequency  ; Rise  ; Fall  ; Duty Cycle ; Divide by ; Multiply by ; Phase ; Offset ; Edge List ; Edge Shift ; Inverted ; Master ; Source ; Targets      ;
+------------+------+--------+------------+-------+-------+------------+-----------+-------------+-------+--------+-----------+------------+----------+--------+--------+--------------+
; CLOCK_50   ; Base ; 1.000  ; 1000.0 MHz ; 0.000 ; 0.500 ;            ;           ;             ;       ;        ;           ;            ;          ;        ;        ; { CLOCK_50 } ;
+------------+------+--------+------------+-------+-------+------------+-----------+-------------+-------+--------+-----------+------------+----------+--------+--------+--------------+


+-----------------------------------------------------------------------------------------------------------+
; Slow 1200mV 85C Model Fmax Summary                                                                        ;
+------------+-----------------+------------+---------------------------------------------------------------+
; Fmax       ; Restricted Fmax ; Clock Name ; Note                                                          ;
+------------+-----------------+------------+---------------------------------------------------------------+
; 574.71 MHz ; 250.0 MHz       ; CLOCK_50   ; limit due to minimum period restriction (max I/O toggle rate) ;
+------------+-----------------+------------+---------------------------------------------------------------+
This panel reports FMAX for every clock in the design, regardless of the user-specified clock periods.  FMAX is only computed for paths where the source and destination registers or ports are driven by the same clock.  Paths of different clocks, including generated clocks, are ignored.  For paths between a clock and its inversion, FMAX is computed as if the rising and falling edges are scaled along with FMAX, such that the duty cycle (in terms of a percentage) is maintained. Altera recommends that you always use clock constraints and other slack reports for sign-off analysis.


----------------------------------
; Timing Closure Recommendations ;
----------------------------------
HTML report is unavailable in plain text report export.


+-------------------------------------+
; Slow 1200mV 85C Model Setup Summary ;
+----------+--------+-----------------+
; Clock    ; Slack  ; End Point TNS   ;
+----------+--------+-----------------+
; CLOCK_50 ; -0.740 ; -5.698          ;
+----------+--------+-----------------+


+------------------------------------+
; Slow 1200mV 85C Model Hold Summary ;
+----------+-------+-----------------+
; Clock    ; Slack ; End Point TNS   ;
+----------+-------+-----------------+
; CLOCK_50 ; 0.405 ; 0.000           ;
+----------+-------+-----------------+


------------------------------------------
; Slow 1200mV 85C Model Recovery Summary ;
------------------------------------------
No paths to report.


-----------------------------------------
; Slow 1200mV 85C Model Removal Summary ;
-----------------------------------------
No paths to report.


+---------------------------------------------------+
; Slow 1200mV 85C Model Minimum Pulse Width Summary ;
+----------+--------+-------------------------------+
; Clock    ; Slack  ; End Point TNS                 ;
+----------+--------+-------------------------------+
; CLOCK_50 ; -3.000 ; -20.990                       ;
+----------+--------+-------------------------------+


+------------------------------------------------------------------------------------------------------------+
; Slow 1200mV 85C Model Setup: 'CLOCK_50'                                                                    ;
+--------+--------------+--------------+--------------+-------------+--------------+------------+------------+
; Slack  ; From Node    ; To Node      ; Launch Clock ; Latch Clock ; Relationship ; Clock Skew ; Data Delay ;
+--------+--------------+--------------+--------------+-------------+--------------+------------+------------+
; -0.740 ; key1_dly[1]  ; LEDG[7]~reg0 ; CLOCK_50     ; CLOCK_50    ; 1.000        ; -0.078     ; 1.660      ;
; -0.740 ; key1_dly[1]  ; LEDG[6]~reg0 ; CLOCK_50     ; CLOCK_50    ; 1.000        ; -0.078     ; 1.660      ;
; -0.740 ; key1_dly[1]  ; LEDG[5]~reg0 ; CLOCK_50     ; CLOCK_50    ; 1.000        ; -0.078     ; 1.660      ;
; -0.740 ; key1_dly[1]  ; LEDG[4]~reg0 ; CLOCK_50     ; CLOCK_50    ; 1.000        ; -0.078     ; 1.660      ;
; -0.740 ; key1_dly[1]  ; LEDG[3]~reg0 ; CLOCK_50     ; CLOCK_50    ; 1.000        ; -0.078     ; 1.660      ;
; -0.740 ; key1_dly[1]  ; LEDG[2]~reg0 ; CLOCK_50     ; CLOCK_50    ; 1.000        ; -0.078     ; 1.660      ;
; -0.740 ; key1_dly[1]  ; LEDG[1]~reg0 ; CLOCK_50     ; CLOCK_50    ; 1.000        ; -0.078     ; 1.660      ;
; -0.693 ; key1_dly[2]  ; LEDG[7]~reg0 ; CLOCK_50     ; CLOCK_50    ; 1.000        ; -0.078     ; 1.613      ;
; -0.693 ; key1_dly[2]  ; LEDG[6]~reg0 ; CLOCK_50     ; CLOCK_50    ; 1.000        ; -0.078     ; 1.613      ;
; -0.693 ; key1_dly[2]  ; LEDG[5]~reg0 ; CLOCK_50     ; CLOCK_50    ; 1.000        ; -0.078     ; 1.613      ;
; -0.693 ; key1_dly[2]  ; LEDG[4]~reg0 ; CLOCK_50     ; CLOCK_50    ; 1.000        ; -0.078     ; 1.613      ;
; -0.693 ; key1_dly[2]  ; LEDG[3]~reg0 ; CLOCK_50     ; CLOCK_50    ; 1.000        ; -0.078     ; 1.613      ;
; -0.693 ; key1_dly[2]  ; LEDG[2]~reg0 ; CLOCK_50     ; CLOCK_50    ; 1.000        ; -0.078     ; 1.613      ;
; -0.693 ; key1_dly[2]  ; LEDG[1]~reg0 ; CLOCK_50     ; CLOCK_50    ; 1.000        ; -0.078     ; 1.613      ;
; -0.241 ; key1_dly[1]  ; key1_dly[2]  ; CLOCK_50     ; CLOCK_50    ; 1.000        ; -0.078     ; 1.161      ;
; -0.232 ; key0_dly[1]  ; LEDG[0]~reg0 ; CLOCK_50     ; CLOCK_50    ; 1.000        ; -0.078     ; 1.152      ;
; -0.057 ; LEDG[5]~reg0 ; LEDG[6]~reg0 ; CLOCK_50     ; CLOCK_50    ; 1.000        ; -0.078     ; 0.977      ;
; -0.056 ; LEDG[6]~reg0 ; LEDG[7]~reg0 ; CLOCK_50     ; CLOCK_50    ; 1.000        ; -0.078     ; 0.976      ;
; -0.056 ; LEDG[3]~reg0 ; LEDG[4]~reg0 ; CLOCK_50     ; CLOCK_50    ; 1.000        ; -0.078     ; 0.976      ;
; -0.045 ; key0_dly[1]  ; key0_dly[2]  ; CLOCK_50     ; CLOCK_50    ; 1.000        ; -0.078     ; 0.965      ;
; 0.106  ; LEDG[4]~reg0 ; LEDG[5]~reg0 ; CLOCK_50     ; CLOCK_50    ; 1.000        ; -0.078     ; 0.814      ;
; 0.107  ; LEDG[2]~reg0 ; LEDG[3]~reg0 ; CLOCK_50     ; CLOCK_50    ; 1.000        ; -0.078     ; 0.813      ;
; 0.107  ; LEDG[1]~reg0 ; LEDG[2]~reg0 ; CLOCK_50     ; CLOCK_50    ; 1.000        ; -0.078     ; 0.813      ;
; 0.107  ; LEDG[0]~reg0 ; LEDG[1]~reg0 ; CLOCK_50     ; CLOCK_50    ; 1.000        ; -0.078     ; 0.813      ;
; 0.124  ; key0_dly[2]  ; LEDG[0]~reg0 ; CLOCK_50     ; CLOCK_50    ; 1.000        ; -0.078     ; 0.796      ;
; 0.131  ; key0_dly[0]  ; key0_dly[1]  ; CLOCK_50     ; CLOCK_50    ; 1.000        ; -0.078     ; 0.789      ;
; 0.132  ; key1_dly[0]  ; key1_dly[1]  ; CLOCK_50     ; CLOCK_50    ; 1.000        ; -0.078     ; 0.788      ;
; 0.155  ; LEDG[0]~reg0 ; LEDG[0]~reg0 ; CLOCK_50     ; CLOCK_50    ; 1.000        ; -0.078     ; 0.765      ;
+--------+--------------+--------------+--------------+-------------+--------------+------------+------------+


+-----------------------------------------------------------------------------------------------------------+
; Slow 1200mV 85C Model Hold: 'CLOCK_50'                                                                    ;
+-------+--------------+--------------+--------------+-------------+--------------+------------+------------+
; Slack ; From Node    ; To Node      ; Launch Clock ; Latch Clock ; Relationship ; Clock Skew ; Data Delay ;
+-------+--------------+--------------+--------------+-------------+--------------+------------+------------+
; 0.405 ; LEDG[0]~reg0 ; LEDG[0]~reg0 ; CLOCK_50     ; CLOCK_50    ; 0.000        ; 0.078      ; 0.669      ;
; 0.422 ; key0_dly[2]  ; LEDG[0]~reg0 ; CLOCK_50     ; CLOCK_50    ; 0.000        ; 0.078      ; 0.686      ;
; 0.431 ; key1_dly[0]  ; key1_dly[1]  ; CLOCK_50     ; CLOCK_50    ; 0.000        ; 0.078      ; 0.695      ;
; 0.432 ; key0_dly[0]  ; key0_dly[1]  ; CLOCK_50     ; CLOCK_50    ; 0.000        ; 0.078      ; 0.696      ;
; 0.454 ; LEDG[2]~reg0 ; LEDG[3]~reg0 ; CLOCK_50     ; CLOCK_50    ; 0.000        ; 0.078      ; 0.718      ;
; 0.454 ; LEDG[1]~reg0 ; LEDG[2]~reg0 ; CLOCK_50     ; CLOCK_50    ; 0.000        ; 0.078      ; 0.718      ;
; 0.455 ; LEDG[4]~reg0 ; LEDG[5]~reg0 ; CLOCK_50     ; CLOCK_50    ; 0.000        ; 0.078      ; 0.719      ;
; 0.455 ; LEDG[0]~reg0 ; LEDG[1]~reg0 ; CLOCK_50     ; CLOCK_50    ; 0.000        ; 0.078      ; 0.719      ;
; 0.563 ; key0_dly[1]  ; key0_dly[2]  ; CLOCK_50     ; CLOCK_50    ; 0.000        ; 0.078      ; 0.827      ;
; 0.578 ; LEDG[6]~reg0 ; LEDG[7]~reg0 ; CLOCK_50     ; CLOCK_50    ; 0.000        ; 0.078      ; 0.842      ;
; 0.578 ; LEDG[3]~reg0 ; LEDG[4]~reg0 ; CLOCK_50     ; CLOCK_50    ; 0.000        ; 0.078      ; 0.842      ;
; 0.579 ; LEDG[5]~reg0 ; LEDG[6]~reg0 ; CLOCK_50     ; CLOCK_50    ; 0.000        ; 0.078      ; 0.843      ;
; 0.704 ; key0_dly[1]  ; LEDG[0]~reg0 ; CLOCK_50     ; CLOCK_50    ; 0.000        ; 0.078      ; 0.968      ;
; 0.818 ; key1_dly[1]  ; key1_dly[2]  ; CLOCK_50     ; CLOCK_50    ; 0.000        ; 0.078      ; 1.082      ;
; 1.385 ; key1_dly[2]  ; LEDG[7]~reg0 ; CLOCK_50     ; CLOCK_50    ; 0.000        ; 0.078      ; 1.649      ;
; 1.385 ; key1_dly[2]  ; LEDG[6]~reg0 ; CLOCK_50     ; CLOCK_50    ; 0.000        ; 0.078      ; 1.649      ;
; 1.385 ; key1_dly[2]  ; LEDG[5]~reg0 ; CLOCK_50     ; CLOCK_50    ; 0.000        ; 0.078      ; 1.649      ;
; 1.385 ; key1_dly[2]  ; LEDG[4]~reg0 ; CLOCK_50     ; CLOCK_50    ; 0.000        ; 0.078      ; 1.649      ;
; 1.385 ; key1_dly[2]  ; LEDG[3]~reg0 ; CLOCK_50     ; CLOCK_50    ; 0.000        ; 0.078      ; 1.649      ;
; 1.385 ; key1_dly[2]  ; LEDG[2]~reg0 ; CLOCK_50     ; CLOCK_50    ; 0.000        ; 0.078      ; 1.649      ;
; 1.385 ; key1_dly[2]  ; LEDG[1]~reg0 ; CLOCK_50     ; CLOCK_50    ; 0.000        ; 0.078      ; 1.649      ;
; 1.429 ; key1_dly[1]  ; LEDG[7]~reg0 ; CLOCK_50     ; CLOCK_50    ; 0.000        ; 0.078      ; 1.693      ;
; 1.429 ; key1_dly[1]  ; LEDG[6]~reg0 ; CLOCK_50     ; CLOCK_50    ; 0.000        ; 0.078      ; 1.693      ;
; 1.429 ; key1_dly[1]  ; LEDG[5]~reg0 ; CLOCK_50     ; CLOCK_50    ; 0.000        ; 0.078      ; 1.693      ;
; 1.429 ; key1_dly[1]  ; LEDG[4]~reg0 ; CLOCK_50     ; CLOCK_50    ; 0.000        ; 0.078      ; 1.693      ;
; 1.429 ; key1_dly[1]  ; LEDG[3]~reg0 ; CLOCK_50     ; CLOCK_50    ; 0.000        ; 0.078      ; 1.693      ;
; 1.429 ; key1_dly[1]  ; LEDG[2]~reg0 ; CLOCK_50     ; CLOCK_50    ; 0.000        ; 0.078      ; 1.693      ;
; 1.429 ; key1_dly[1]  ; LEDG[1]~reg0 ; CLOCK_50     ; CLOCK_50    ; 0.000        ; 0.078      ; 1.693      ;
+-------+--------------+--------------+--------------+-------------+--------------+------------+------------+


-----------------------------------------------
; Slow 1200mV 85C Model Metastability Summary ;
-----------------------------------------------
Design MTBF is not calculated because the design doesn't meet its timing requirements.



+-----------------------------------------------------------------------------------------------------------+
; Slow 1200mV 0C Model Fmax Summary                                                                         ;
+------------+-----------------+------------+---------------------------------------------------------------+
; Fmax       ; Restricted Fmax ; Clock Name ; Note                                                          ;
+------------+-----------------+------------+---------------------------------------------------------------+
; 630.52 MHz ; 250.0 MHz       ; CLOCK_50   ; limit due to minimum period restriction (max I/O toggle rate) ;
+------------+-----------------+------------+---------------------------------------------------------------+
This panel reports FMAX for every clock in the design, regardless of the user-specified clock periods.  FMAX is only computed for paths where the source and destination registers or ports are driven by the same clock.  Paths of different clocks, including generated clocks, are ignored.  For paths between a clock and its inversion, FMAX is computed as if the rising and falling edges are scaled along with FMAX, such that the duty cycle (in terms of a percentage) is maintained. Altera recommends that you always use clock constraints and other slack reports for sign-off analysis.


+------------------------------------+
; Slow 1200mV 0C Model Setup Summary ;
+----------+--------+----------------+
; Clock    ; Slack  ; End Point TNS  ;
+----------+--------+----------------+
; CLOCK_50 ; -0.586 ; -4.326         ;
+----------+--------+----------------+


+-----------------------------------+
; Slow 1200mV 0C Model Hold Summary ;
+----------+-------+----------------+
; Clock    ; Slack ; End Point TNS  ;
+----------+-------+----------------+
; CLOCK_50 ; 0.356 ; 0.000          ;
+----------+-------+----------------+


-----------------------------------------
; Slow 1200mV 0C Model Recovery Summary ;
-----------------------------------------
No paths to report.


----------------------------------------
; Slow 1200mV 0C Model Removal Summary ;
----------------------------------------
No paths to report.


+--------------------------------------------------+
; Slow 1200mV 0C Model Minimum Pulse Width Summary ;
+----------+--------+------------------------------+
; Clock    ; Slack  ; End Point TNS                ;
+----------+--------+------------------------------+
; CLOCK_50 ; -3.000 ; -20.990                      ;
+----------+--------+------------------------------+


+------------------------------------------------------------------------------------------------------------+
; Slow 1200mV 0C Model Setup: 'CLOCK_50'                                                                     ;
+--------+--------------+--------------+--------------+-------------+--------------+------------+------------+
; Slack  ; From Node    ; To Node      ; Launch Clock ; Latch Clock ; Relationship ; Clock Skew ; Data Delay ;
+--------+--------------+--------------+--------------+-------------+--------------+------------+------------+
; -0.586 ; key1_dly[1]  ; LEDG[7]~reg0 ; CLOCK_50     ; CLOCK_50    ; 1.000        ; -0.070     ; 1.515      ;
; -0.586 ; key1_dly[1]  ; LEDG[6]~reg0 ; CLOCK_50     ; CLOCK_50    ; 1.000        ; -0.070     ; 1.515      ;
; -0.586 ; key1_dly[1]  ; LEDG[5]~reg0 ; CLOCK_50     ; CLOCK_50    ; 1.000        ; -0.070     ; 1.515      ;
; -0.586 ; key1_dly[1]  ; LEDG[4]~reg0 ; CLOCK_50     ; CLOCK_50    ; 1.000        ; -0.070     ; 1.515      ;
; -0.586 ; key1_dly[1]  ; LEDG[3]~reg0 ; CLOCK_50     ; CLOCK_50    ; 1.000        ; -0.070     ; 1.515      ;
; -0.586 ; key1_dly[1]  ; LEDG[2]~reg0 ; CLOCK_50     ; CLOCK_50    ; 1.000        ; -0.070     ; 1.515      ;
; -0.586 ; key1_dly[1]  ; LEDG[1]~reg0 ; CLOCK_50     ; CLOCK_50    ; 1.000        ; -0.070     ; 1.515      ;
; -0.538 ; key1_dly[2]  ; LEDG[7]~reg0 ; CLOCK_50     ; CLOCK_50    ; 1.000        ; -0.070     ; 1.467      ;
; -0.538 ; key1_dly[2]  ; LEDG[6]~reg0 ; CLOCK_50     ; CLOCK_50    ; 1.000        ; -0.070     ; 1.467      ;
; -0.538 ; key1_dly[2]  ; LEDG[5]~reg0 ; CLOCK_50     ; CLOCK_50    ; 1.000        ; -0.070     ; 1.467      ;
; -0.538 ; key1_dly[2]  ; LEDG[4]~reg0 ; CLOCK_50     ; CLOCK_50    ; 1.000        ; -0.070     ; 1.467      ;
; -0.538 ; key1_dly[2]  ; LEDG[3]~reg0 ; CLOCK_50     ; CLOCK_50    ; 1.000        ; -0.070     ; 1.467      ;
; -0.538 ; key1_dly[2]  ; LEDG[2]~reg0 ; CLOCK_50     ; CLOCK_50    ; 1.000        ; -0.070     ; 1.467      ;
; -0.538 ; key1_dly[2]  ; LEDG[1]~reg0 ; CLOCK_50     ; CLOCK_50    ; 1.000        ; -0.070     ; 1.467      ;
; -0.121 ; key1_dly[1]  ; key1_dly[2]  ; CLOCK_50     ; CLOCK_50    ; 1.000        ; -0.070     ; 1.050      ;
; -0.103 ; key0_dly[1]  ; LEDG[0]~reg0 ; CLOCK_50     ; CLOCK_50    ; 1.000        ; -0.070     ; 1.032      ;
; 0.047  ; LEDG[5]~reg0 ; LEDG[6]~reg0 ; CLOCK_50     ; CLOCK_50    ; 1.000        ; -0.070     ; 0.882      ;
; 0.048  ; LEDG[6]~reg0 ; LEDG[7]~reg0 ; CLOCK_50     ; CLOCK_50    ; 1.000        ; -0.070     ; 0.881      ;
; 0.048  ; LEDG[3]~reg0 ; LEDG[4]~reg0 ; CLOCK_50     ; CLOCK_50    ; 1.000        ; -0.070     ; 0.881      ;
; 0.058  ; key0_dly[1]  ; key0_dly[2]  ; CLOCK_50     ; CLOCK_50    ; 1.000        ; -0.070     ; 0.871      ;
; 0.196  ; LEDG[4]~reg0 ; LEDG[5]~reg0 ; CLOCK_50     ; CLOCK_50    ; 1.000        ; -0.070     ; 0.733      ;
; 0.197  ; LEDG[2]~reg0 ; LEDG[3]~reg0 ; CLOCK_50     ; CLOCK_50    ; 1.000        ; -0.070     ; 0.732      ;
; 0.197  ; LEDG[1]~reg0 ; LEDG[2]~reg0 ; CLOCK_50     ; CLOCK_50    ; 1.000        ; -0.070     ; 0.732      ;
; 0.197  ; LEDG[0]~reg0 ; LEDG[1]~reg0 ; CLOCK_50     ; CLOCK_50    ; 1.000        ; -0.070     ; 0.732      ;
; 0.206  ; key0_dly[2]  ; LEDG[0]~reg0 ; CLOCK_50     ; CLOCK_50    ; 1.000        ; -0.070     ; 0.723      ;
; 0.219  ; key0_dly[0]  ; key0_dly[1]  ; CLOCK_50     ; CLOCK_50    ; 1.000        ; -0.070     ; 0.710      ;
; 0.220  ; key1_dly[0]  ; key1_dly[1]  ; CLOCK_50     ; CLOCK_50    ; 1.000        ; -0.070     ; 0.709      ;
; 0.246  ; LEDG[0]~reg0 ; LEDG[0]~reg0 ; CLOCK_50     ; CLOCK_50    ; 1.000        ; -0.070     ; 0.683      ;
+--------+--------------+--------------+--------------+-------------+--------------+------------+------------+


+-----------------------------------------------------------------------------------------------------------+
; Slow 1200mV 0C Model Hold: 'CLOCK_50'                                                                     ;
+-------+--------------+--------------+--------------+-------------+--------------+------------+------------+
; Slack ; From Node    ; To Node      ; Launch Clock ; Latch Clock ; Relationship ; Clock Skew ; Data Delay ;
+-------+--------------+--------------+--------------+-------------+--------------+------------+------------+
; 0.356 ; LEDG[0]~reg0 ; LEDG[0]~reg0 ; CLOCK_50     ; CLOCK_50    ; 0.000        ; 0.070      ; 0.597      ;
; 0.381 ; key0_dly[2]  ; LEDG[0]~reg0 ; CLOCK_50     ; CLOCK_50    ; 0.000        ; 0.070      ; 0.622      ;
; 0.397 ; key1_dly[0]  ; key1_dly[1]  ; CLOCK_50     ; CLOCK_50    ; 0.000        ; 0.070      ; 0.638      ;
; 0.398 ; key0_dly[0]  ; key0_dly[1]  ; CLOCK_50     ; CLOCK_50    ; 0.000        ; 0.070      ; 0.639      ;
; 0.419 ; LEDG[4]~reg0 ; LEDG[5]~reg0 ; CLOCK_50     ; CLOCK_50    ; 0.000        ; 0.070      ; 0.660      ;
; 0.419 ; LEDG[2]~reg0 ; LEDG[3]~reg0 ; CLOCK_50     ; CLOCK_50    ; 0.000        ; 0.070      ; 0.660      ;
; 0.419 ; LEDG[1]~reg0 ; LEDG[2]~reg0 ; CLOCK_50     ; CLOCK_50    ; 0.000        ; 0.070      ; 0.660      ;
; 0.419 ; LEDG[0]~reg0 ; LEDG[1]~reg0 ; CLOCK_50     ; CLOCK_50    ; 0.000        ; 0.070      ; 0.660      ;
; 0.517 ; key0_dly[1]  ; key0_dly[2]  ; CLOCK_50     ; CLOCK_50    ; 0.000        ; 0.070      ; 0.758      ;
; 0.530 ; LEDG[6]~reg0 ; LEDG[7]~reg0 ; CLOCK_50     ; CLOCK_50    ; 0.000        ; 0.070      ; 0.771      ;
; 0.530 ; LEDG[3]~reg0 ; LEDG[4]~reg0 ; CLOCK_50     ; CLOCK_50    ; 0.000        ; 0.070      ; 0.771      ;
; 0.531 ; LEDG[5]~reg0 ; LEDG[6]~reg0 ; CLOCK_50     ; CLOCK_50    ; 0.000        ; 0.070      ; 0.772      ;
; 0.641 ; key0_dly[1]  ; LEDG[0]~reg0 ; CLOCK_50     ; CLOCK_50    ; 0.000        ; 0.070      ; 0.882      ;
; 0.760 ; key1_dly[1]  ; key1_dly[2]  ; CLOCK_50     ; CLOCK_50    ; 0.000        ; 0.070      ; 1.001      ;
; 1.264 ; key1_dly[2]  ; LEDG[7]~reg0 ; CLOCK_50     ; CLOCK_50    ; 0.000        ; 0.070      ; 1.505      ;
; 1.264 ; key1_dly[2]  ; LEDG[6]~reg0 ; CLOCK_50     ; CLOCK_50    ; 0.000        ; 0.070      ; 1.505      ;
; 1.264 ; key1_dly[2]  ; LEDG[5]~reg0 ; CLOCK_50     ; CLOCK_50    ; 0.000        ; 0.070      ; 1.505      ;
; 1.264 ; key1_dly[2]  ; LEDG[4]~reg0 ; CLOCK_50     ; CLOCK_50    ; 0.000        ; 0.070      ; 1.505      ;
; 1.264 ; key1_dly[2]  ; LEDG[3]~reg0 ; CLOCK_50     ; CLOCK_50    ; 0.000        ; 0.070      ; 1.505      ;
; 1.264 ; key1_dly[2]  ; LEDG[2]~reg0 ; CLOCK_50     ; CLOCK_50    ; 0.000        ; 0.070      ; 1.505      ;
; 1.264 ; key1_dly[2]  ; LEDG[1]~reg0 ; CLOCK_50     ; CLOCK_50    ; 0.000        ; 0.070      ; 1.505      ;
; 1.315 ; key1_dly[1]  ; LEDG[7]~reg0 ; CLOCK_50     ; CLOCK_50    ; 0.000        ; 0.070      ; 1.556      ;
; 1.315 ; key1_dly[1]  ; LEDG[6]~reg0 ; CLOCK_50     ; CLOCK_50    ; 0.000        ; 0.070      ; 1.556      ;
; 1.315 ; key1_dly[1]  ; LEDG[5]~reg0 ; CLOCK_50     ; CLOCK_50    ; 0.000        ; 0.070      ; 1.556      ;
; 1.315 ; key1_dly[1]  ; LEDG[4]~reg0 ; CLOCK_50     ; CLOCK_50    ; 0.000        ; 0.070      ; 1.556      ;
; 1.315 ; key1_dly[1]  ; LEDG[3]~reg0 ; CLOCK_50     ; CLOCK_50    ; 0.000        ; 0.070      ; 1.556      ;
; 1.315 ; key1_dly[1]  ; LEDG[2]~reg0 ; CLOCK_50     ; CLOCK_50    ; 0.000        ; 0.070      ; 1.556      ;
; 1.315 ; key1_dly[1]  ; LEDG[1]~reg0 ; CLOCK_50     ; CLOCK_50    ; 0.000        ; 0.070      ; 1.556      ;
+-------+--------------+--------------+--------------+-------------+--------------+------------+------------+


----------------------------------------------
; Slow 1200mV 0C Model Metastability Summary ;
----------------------------------------------
Design MTBF is not calculated because the design doesn't meet its timing requirements.



+------------------------------------+
; Fast 1200mV 0C Model Setup Summary ;
+----------+-------+-----------------+
; Clock    ; Slack ; End Point TNS   ;
+----------+-------+-----------------+
; CLOCK_50 ; 0.153 ; 0.000           ;
+----------+-------+-----------------+


+-----------------------------------+
; Fast 1200mV 0C Model Hold Summary ;
+----------+-------+----------------+
; Clock    ; Slack ; End Point TNS  ;
+----------+-------+----------------+
; CLOCK_50 ; 0.180 ; 0.000          ;
+----------+-------+----------------+


-----------------------------------------
; Fast 1200mV 0C Model Recovery Summary ;
-----------------------------------------
No paths to report.


----------------------------------------
; Fast 1200mV 0C Model Removal Summary ;
----------------------------------------
No paths to report.


+--------------------------------------------------+
; Fast 1200mV 0C Model Minimum Pulse Width Summary ;
+----------+--------+------------------------------+
; Clock    ; Slack  ; End Point TNS                ;
+----------+--------+------------------------------+
; CLOCK_50 ; -3.000 ; -18.442                      ;
+----------+--------+------------------------------+


+-----------------------------------------------------------------------------------------------------------+
; Fast 1200mV 0C Model Setup: 'CLOCK_50'                                                                    ;
+-------+--------------+--------------+--------------+-------------+--------------+------------+------------+
; Slack ; From Node    ; To Node      ; Launch Clock ; Latch Clock ; Relationship ; Clock Skew ; Data Delay ;
+-------+--------------+--------------+--------------+-------------+--------------+------------+------------+
; 0.153 ; key1_dly[1]  ; LEDG[7]~reg0 ; CLOCK_50     ; CLOCK_50    ; 1.000        ; -0.043     ; 0.791      ;
; 0.153 ; key1_dly[1]  ; LEDG[6]~reg0 ; CLOCK_50     ; CLOCK_50    ; 1.000        ; -0.043     ; 0.791      ;
; 0.153 ; key1_dly[1]  ; LEDG[5]~reg0 ; CLOCK_50     ; CLOCK_50    ; 1.000        ; -0.043     ; 0.791      ;
; 0.153 ; key1_dly[1]  ; LEDG[4]~reg0 ; CLOCK_50     ; CLOCK_50    ; 1.000        ; -0.043     ; 0.791      ;
; 0.153 ; key1_dly[1]  ; LEDG[3]~reg0 ; CLOCK_50     ; CLOCK_50    ; 1.000        ; -0.043     ; 0.791      ;
; 0.153 ; key1_dly[1]  ; LEDG[2]~reg0 ; CLOCK_50     ; CLOCK_50    ; 1.000        ; -0.043     ; 0.791      ;
; 0.153 ; key1_dly[1]  ; LEDG[1]~reg0 ; CLOCK_50     ; CLOCK_50    ; 1.000        ; -0.043     ; 0.791      ;
; 0.180 ; key1_dly[2]  ; LEDG[7]~reg0 ; CLOCK_50     ; CLOCK_50    ; 1.000        ; -0.043     ; 0.764      ;
; 0.180 ; key1_dly[2]  ; LEDG[6]~reg0 ; CLOCK_50     ; CLOCK_50    ; 1.000        ; -0.043     ; 0.764      ;
; 0.180 ; key1_dly[2]  ; LEDG[5]~reg0 ; CLOCK_50     ; CLOCK_50    ; 1.000        ; -0.043     ; 0.764      ;
; 0.180 ; key1_dly[2]  ; LEDG[4]~reg0 ; CLOCK_50     ; CLOCK_50    ; 1.000        ; -0.043     ; 0.764      ;
; 0.180 ; key1_dly[2]  ; LEDG[3]~reg0 ; CLOCK_50     ; CLOCK_50    ; 1.000        ; -0.043     ; 0.764      ;
; 0.180 ; key1_dly[2]  ; LEDG[2]~reg0 ; CLOCK_50     ; CLOCK_50    ; 1.000        ; -0.043     ; 0.764      ;
; 0.180 ; key1_dly[2]  ; LEDG[1]~reg0 ; CLOCK_50     ; CLOCK_50    ; 1.000        ; -0.043     ; 0.764      ;
; 0.396 ; key0_dly[1]  ; LEDG[0]~reg0 ; CLOCK_50     ; CLOCK_50    ; 1.000        ; -0.043     ; 0.548      ;
; 0.403 ; key1_dly[1]  ; key1_dly[2]  ; CLOCK_50     ; CLOCK_50    ; 1.000        ; -0.043     ; 0.541      ;
; 0.483 ; LEDG[3]~reg0 ; LEDG[4]~reg0 ; CLOCK_50     ; CLOCK_50    ; 1.000        ; -0.043     ; 0.461      ;
; 0.484 ; LEDG[5]~reg0 ; LEDG[6]~reg0 ; CLOCK_50     ; CLOCK_50    ; 1.000        ; -0.043     ; 0.460      ;
; 0.485 ; LEDG[6]~reg0 ; LEDG[7]~reg0 ; CLOCK_50     ; CLOCK_50    ; 1.000        ; -0.043     ; 0.459      ;
; 0.491 ; key0_dly[1]  ; key0_dly[2]  ; CLOCK_50     ; CLOCK_50    ; 1.000        ; -0.043     ; 0.453      ;
; 0.558 ; LEDG[4]~reg0 ; LEDG[5]~reg0 ; CLOCK_50     ; CLOCK_50    ; 1.000        ; -0.043     ; 0.386      ;
; 0.558 ; LEDG[0]~reg0 ; LEDG[1]~reg0 ; CLOCK_50     ; CLOCK_50    ; 1.000        ; -0.043     ; 0.386      ;
; 0.559 ; LEDG[2]~reg0 ; LEDG[3]~reg0 ; CLOCK_50     ; CLOCK_50    ; 1.000        ; -0.043     ; 0.385      ;
; 0.559 ; LEDG[1]~reg0 ; LEDG[2]~reg0 ; CLOCK_50     ; CLOCK_50    ; 1.000        ; -0.043     ; 0.385      ;
; 0.572 ; key1_dly[0]  ; key1_dly[1]  ; CLOCK_50     ; CLOCK_50    ; 1.000        ; -0.043     ; 0.372      ;
; 0.572 ; key0_dly[0]  ; key0_dly[1]  ; CLOCK_50     ; CLOCK_50    ; 1.000        ; -0.043     ; 0.372      ;
; 0.572 ; key0_dly[2]  ; LEDG[0]~reg0 ; CLOCK_50     ; CLOCK_50    ; 1.000        ; -0.043     ; 0.372      ;
; 0.585 ; LEDG[0]~reg0 ; LEDG[0]~reg0 ; CLOCK_50     ; CLOCK_50    ; 1.000        ; -0.043     ; 0.359      ;
+-------+--------------+--------------+--------------+-------------+--------------+------------+------------+


+-----------------------------------------------------------------------------------------------------------+
; Fast 1200mV 0C Model Hold: 'CLOCK_50'                                                                     ;
+-------+--------------+--------------+--------------+-------------+--------------+------------+------------+
; Slack ; From Node    ; To Node      ; Launch Clock ; Latch Clock ; Relationship ; Clock Skew ; Data Delay ;
+-------+--------------+--------------+--------------+-------------+--------------+------------+------------+
; 0.180 ; LEDG[0]~reg0 ; LEDG[0]~reg0 ; CLOCK_50     ; CLOCK_50    ; 0.000        ; 0.043      ; 0.307      ;
; 0.186 ; key1_dly[0]  ; key1_dly[1]  ; CLOCK_50     ; CLOCK_50    ; 0.000        ; 0.043      ; 0.313      ;
; 0.186 ; key0_dly[2]  ; LEDG[0]~reg0 ; CLOCK_50     ; CLOCK_50    ; 0.000        ; 0.043      ; 0.313      ;
; 0.187 ; key0_dly[0]  ; key0_dly[1]  ; CLOCK_50     ; CLOCK_50    ; 0.000        ; 0.043      ; 0.314      ;
; 0.199 ; LEDG[4]~reg0 ; LEDG[5]~reg0 ; CLOCK_50     ; CLOCK_50    ; 0.000        ; 0.043      ; 0.326      ;
; 0.199 ; LEDG[2]~reg0 ; LEDG[3]~reg0 ; CLOCK_50     ; CLOCK_50    ; 0.000        ; 0.043      ; 0.326      ;
; 0.199 ; LEDG[1]~reg0 ; LEDG[2]~reg0 ; CLOCK_50     ; CLOCK_50    ; 0.000        ; 0.043      ; 0.326      ;
; 0.199 ; LEDG[0]~reg0 ; LEDG[1]~reg0 ; CLOCK_50     ; CLOCK_50    ; 0.000        ; 0.043      ; 0.326      ;
; 0.251 ; key0_dly[1]  ; key0_dly[2]  ; CLOCK_50     ; CLOCK_50    ; 0.000        ; 0.043      ; 0.378      ;
; 0.258 ; LEDG[6]~reg0 ; LEDG[7]~reg0 ; CLOCK_50     ; CLOCK_50    ; 0.000        ; 0.043      ; 0.385      ;
; 0.259 ; LEDG[5]~reg0 ; LEDG[6]~reg0 ; CLOCK_50     ; CLOCK_50    ; 0.000        ; 0.043      ; 0.386      ;
; 0.259 ; LEDG[3]~reg0 ; LEDG[4]~reg0 ; CLOCK_50     ; CLOCK_50    ; 0.000        ; 0.043      ; 0.386      ;
; 0.321 ; key0_dly[1]  ; LEDG[0]~reg0 ; CLOCK_50     ; CLOCK_50    ; 0.000        ; 0.043      ; 0.448      ;
; 0.350 ; key1_dly[1]  ; key1_dly[2]  ; CLOCK_50     ; CLOCK_50    ; 0.000        ; 0.043      ; 0.477      ;
; 0.639 ; key1_dly[2]  ; LEDG[7]~reg0 ; CLOCK_50     ; CLOCK_50    ; 0.000        ; 0.043      ; 0.766      ;
; 0.639 ; key1_dly[2]  ; LEDG[6]~reg0 ; CLOCK_50     ; CLOCK_50    ; 0.000        ; 0.043      ; 0.766      ;
; 0.639 ; key1_dly[2]  ; LEDG[5]~reg0 ; CLOCK_50     ; CLOCK_50    ; 0.000        ; 0.043      ; 0.766      ;
; 0.639 ; key1_dly[2]  ; LEDG[4]~reg0 ; CLOCK_50     ; CLOCK_50    ; 0.000        ; 0.043      ; 0.766      ;
; 0.639 ; key1_dly[2]  ; LEDG[3]~reg0 ; CLOCK_50     ; CLOCK_50    ; 0.000        ; 0.043      ; 0.766      ;
; 0.639 ; key1_dly[2]  ; LEDG[2]~reg0 ; CLOCK_50     ; CLOCK_50    ; 0.000        ; 0.043      ; 0.766      ;
; 0.639 ; key1_dly[2]  ; LEDG[1]~reg0 ; CLOCK_50     ; CLOCK_50    ; 0.000        ; 0.043      ; 0.766      ;
; 0.651 ; key1_dly[1]  ; LEDG[7]~reg0 ; CLOCK_50     ; CLOCK_50    ; 0.000        ; 0.043      ; 0.778      ;
; 0.651 ; key1_dly[1]  ; LEDG[6]~reg0 ; CLOCK_50     ; CLOCK_50    ; 0.000        ; 0.043      ; 0.778      ;
; 0.651 ; key1_dly[1]  ; LEDG[5]~reg0 ; CLOCK_50     ; CLOCK_50    ; 0.000        ; 0.043      ; 0.778      ;
; 0.651 ; key1_dly[1]  ; LEDG[4]~reg0 ; CLOCK_50     ; CLOCK_50    ; 0.000        ; 0.043      ; 0.778      ;
; 0.651 ; key1_dly[1]  ; LEDG[3]~reg0 ; CLOCK_50     ; CLOCK_50    ; 0.000        ; 0.043      ; 0.778      ;
; 0.651 ; key1_dly[1]  ; LEDG[2]~reg0 ; CLOCK_50     ; CLOCK_50    ; 0.000        ; 0.043      ; 0.778      ;
; 0.651 ; key1_dly[1]  ; LEDG[1]~reg0 ; CLOCK_50     ; CLOCK_50    ; 0.000        ; 0.043      ; 0.778      ;
+-------+--------------+--------------+--------------+-------------+--------------+------------+------------+


----------------------------------------------
; Fast 1200mV 0C Model Metastability Summary ;
----------------------------------------------
The design MTBF is not calculated because there are no specified synchronizers in the design.
Number of Synchronizer Chains Found: 2
Shortest Synchronizer Chain: 2 Registers
Fraction of Chains for which MTBFs Could Not be Calculated: 1.000
Worst Case Available Settling Time: 0.725 ns




+------------------------------------------------------------------------------+
; Multicorner Timing Analysis Summary                                          ;
+------------------+--------+-------+----------+---------+---------------------+
; Clock            ; Setup  ; Hold  ; Recovery ; Removal ; Minimum Pulse Width ;
+------------------+--------+-------+----------+---------+---------------------+
; Worst-case Slack ; -0.740 ; 0.180 ; N/A      ; N/A     ; -3.000              ;
;  CLOCK_50        ; -0.740 ; 0.180 ; N/A      ; N/A     ; -3.000              ;
; Design-wide TNS  ; -5.698 ; 0.0   ; 0.0      ; 0.0     ; -20.99              ;
;  CLOCK_50        ; -5.698 ; 0.000 ; N/A      ; N/A     ; -20.990             ;
+------------------+--------+-------+----------+---------+---------------------+


+------------------------------------------------------------------------------------------------------------------------------------------------------------------------------------------------------------------------------------------------------------------------------------------------------------------------------------------------------------------------------------------------------------------+
; Board Trace Model Assignments                                                                                                                                                                                                                                                                                                                                                                                    ;
+---------------+--------------+-------------------+-------------------------+-------------------------+---------------+---------------------+----------------+------------------+--------+------------------+------------------------+------------------------+--------------+---------------+-----------------+-------+---------------------+--------------------+---------------+-----------------+-------------+
; Pin           ; I/O Standard ; Near Tline Length ; Near Tline L per Length ; Near Tline C per Length ; Near Series R ; Near Differential R ; Near Pull-up R ; Near Pull-down R ; Near C ; Far Tline Length ; Far Tline L per Length ; Far Tline C per Length ; Far Series R ; Far Pull-up R ; Far Pull-down R ; Far C ; Termination Voltage ; Far Differential R ; EBD File Name ; EBD Signal Name ; EBD Far-end ;
+---------------+--------------+-------------------+-------------------------+-------------------------+---------------+---------------------+----------------+------------------+--------+------------------+------------------------+------------------------+--------------+---------------+-----------------+-------+---------------------+--------------------+---------------+-----------------+-------------+
; LEDG[0]       ; 2.5 V        ; 0 in              ; 0 H/in                  ; 0 F/in                  ; short         ; -                   ; open           ; open             ; open   ; 0 in             ; 0 H/in                 ; 0 F/in                 ; short        ; open          ; open            ; open  ; 0 V                 ; -                  ; n/a           ; n/a             ; n/a         ;
; LEDG[1]       ; 2.5 V        ; 0 in              ; 0 H/in                  ; 0 F/in                  ; short         ; -                   ; open           ; open             ; open   ; 0 in             ; 0 H/in                 ; 0 F/in                 ; short        ; open          ; open            ; open  ; 0 V                 ; -                  ; n/a           ; n/a             ; n/a         ;
; LEDG[2]       ; 2.5 V        ; 0 in              ; 0 H/in                  ; 0 F/in                  ; short         ; -                   ; open           ; open             ; open   ; 0 in             ; 0 H/in                 ; 0 F/in                 ; short        ; open          ; open            ; open  ; 0 V                 ; -                  ; n/a           ; n/a             ; n/a         ;
; LEDG[3]       ; 2.5 V        ; 0 in              ; 0 H/in                  ; 0 F/in                  ; short         ; -                   ; open           ; open             ; open   ; 0 in             ; 0 H/in                 ; 0 F/in                 ; short        ; open          ; open            ; open  ; 0 V                 ; -                  ; n/a           ; n/a             ; n/a         ;
; LEDG[4]       ; 2.5 V        ; 0 in              ; 0 H/in                  ; 0 F/in                  ; short         ; -                   ; open           ; open             ; open   ; 0 in             ; 0 H/in                 ; 0 F/in                 ; short        ; open          ; open            ; open  ; 0 V                 ; -                  ; n/a           ; n/a             ; n/a         ;
; LEDG[5]       ; 2.5 V        ; 0 in              ; 0 H/in                  ; 0 F/in                  ; short         ; -                   ; open           ; open             ; open   ; 0 in             ; 0 H/in                 ; 0 F/in                 ; short        ; open          ; open            ; open  ; 0 V                 ; -                  ; n/a           ; n/a             ; n/a         ;
; LEDG[6]       ; 2.5 V        ; 0 in              ; 0 H/in                  ; 0 F/in                  ; short         ; -                   ; open           ; open             ; open   ; 0 in             ; 0 H/in                 ; 0 F/in                 ; short        ; open          ; open            ; open  ; 0 V                 ; -                  ; n/a           ; n/a             ; n/a         ;
; LEDG[7]       ; 2.5 V        ; 0 in              ; 0 H/in                  ; 0 F/in                  ; short         ; -                   ; open           ; open             ; open   ; 0 in             ; 0 H/in                 ; 0 F/in                 ; short        ; open          ; open            ; open  ; 0 V                 ; -                  ; n/a           ; n/a             ; n/a         ;
; LEDG[8]       ; 2.5 V        ; 0 in              ; 0 H/in                  ; 0 F/in                  ; short         ; -                   ; open           ; open             ; open   ; 0 in             ; 0 H/in                 ; 0 F/in                 ; short        ; open          ; open            ; open  ; 0 V                 ; -                  ; n/a           ; n/a             ; n/a         ;
; ~ALTERA_DCLK~ ; 2.5 V        ; 0 in              ; 0 H/in                  ; 0 F/in                  ; short         ; -                   ; open           ; open             ; open   ; 0 in             ; 0 H/in                 ; 0 F/in                 ; short        ; open          ; open            ; open  ; 0 V                 ; -                  ; n/a           ; n/a             ; n/a         ;
; ~ALTERA_nCEO~ ; 2.5 V        ; 0 in              ; 0 H/in                  ; 0 F/in                  ; short         ; -                   ; open           ; open             ; open   ; 0 in             ; 0 H/in                 ; 0 F/in                 ; short        ; open          ; open            ; open  ; 0 V                 ; -                  ; n/a           ; n/a             ; n/a         ;
+---------------+--------------+-------------------+-------------------------+-------------------------+---------------+---------------------+----------------+------------------+--------+------------------+------------------------+------------------------+--------------+---------------+-----------------+-------+---------------------+--------------------+---------------+-----------------+-------------+


+----------------------------------------------------------------------------+
; Input Transition Times                                                     ;
+-------------------------+--------------+-----------------+-----------------+
; Pin                     ; I/O Standard ; 10-90 Rise Time ; 90-10 Fall Time ;
+-------------------------+--------------+-----------------+-----------------+
; KEY[2]                  ; 2.5 V        ; 2000 ps         ; 2000 ps         ;
; KEY[3]                  ; 2.5 V        ; 2000 ps         ; 2000 ps         ;
; CLOCK_50                ; 2.5 V        ; 2000 ps         ; 2000 ps         ;
; KEY[0]                  ; 2.5 V        ; 2000 ps         ; 2000 ps         ;
; KEY[1]                  ; 2.5 V        ; 2000 ps         ; 2000 ps         ;
; ~ALTERA_ASDO_DATA1~     ; 2.5 V        ; 2000 ps         ; 2000 ps         ;
; ~ALTERA_FLASH_nCE_nCSO~ ; 2.5 V        ; 2000 ps         ; 2000 ps         ;
; ~ALTERA_DATA0~          ; 2.5 V        ; 2000 ps         ; 2000 ps         ;
+-------------------------+--------------+-----------------+-----------------+


+--------------------------------------------------------------------------------------------------------------------------------------------------------------------------------------------------------------------------------------------------------------------------------------------------------------------------------------------------------------------------------------------------------------------------------------------------------------------------------------------------------------------------------------------------------------------------------------------------------------------------------------------------------------------------------------------+
; Signal Integrity Metrics (Slow 1200mv 0c Model)                                                                                                                                                                                                                                                                                                                                                                                                                                                                                                                                                                                                                                            ;
+---------------+--------------+---------------------+---------------------+------------------------------+------------------------------+---------------------+---------------------+--------------------------------------+--------------------------------------+-----------------------------+-----------------------------+----------------------------+----------------------------+-----------------------------+-----------------------------+--------------------+--------------------+-------------------------------------+-------------------------------------+----------------------------+----------------------------+---------------------------+---------------------------+
; Pin           ; I/O Standard ; Board Delay on Rise ; Board Delay on Fall ; Steady State Voh at FPGA Pin ; Steady State Vol at FPGA Pin ; Voh Max at FPGA Pin ; Vol Min at FPGA Pin ; Ringback Voltage on Rise at FPGA Pin ; Ringback Voltage on Fall at FPGA Pin ; 10-90 Rise Time at FPGA Pin ; 90-10 Fall Time at FPGA Pin ; Monotonic Rise at FPGA Pin ; Monotonic Fall at FPGA Pin ; Steady State Voh at Far-end ; Steady State Vol at Far-end ; Voh Max at Far-end ; Vol Min at Far-end ; Ringback Voltage on Rise at Far-end ; Ringback Voltage on Fall at Far-end ; 10-90 Rise Time at Far-end ; 90-10 Fall Time at Far-end ; Monotonic Rise at Far-end ; Monotonic Fall at Far-end ;
+---------------+--------------+---------------------+---------------------+------------------------------+------------------------------+---------------------+---------------------+--------------------------------------+--------------------------------------+-----------------------------+-----------------------------+----------------------------+----------------------------+-----------------------------+-----------------------------+--------------------+--------------------+-------------------------------------+-------------------------------------+----------------------------+----------------------------+---------------------------+---------------------------+
; LEDG[0]       ; 2.5 V        ; 0 s                 ; 0 s                 ; 2.32 V                       ; 4.49e-09 V                   ; 2.38 V              ; -0.00552 V          ; 0.096 V                              ; 0.019 V                              ; 4.18e-10 s                  ; 3.59e-10 s                  ; No                         ; Yes                        ; 2.32 V                      ; 4.49e-09 V                  ; 2.38 V             ; -0.00552 V         ; 0.096 V                             ; 0.019 V                             ; 4.18e-10 s                 ; 3.59e-10 s                 ; No                        ; Yes                       ;
; LEDG[1]       ; 2.5 V        ; 0 s                 ; 0 s                 ; 2.32 V                       ; 4.49e-09 V                   ; 2.38 V              ; -0.00552 V          ; 0.096 V                              ; 0.019 V                              ; 4.18e-10 s                  ; 3.59e-10 s                  ; No                         ; Yes                        ; 2.32 V                      ; 4.49e-09 V                  ; 2.38 V             ; -0.00552 V         ; 0.096 V                             ; 0.019 V                             ; 4.18e-10 s                 ; 3.59e-10 s                 ; No                        ; Yes                       ;
; LEDG[2]       ; 2.5 V        ; 0 s                 ; 0 s                 ; 2.32 V                       ; 4.49e-09 V                   ; 2.38 V              ; -0.00552 V          ; 0.096 V                              ; 0.019 V                              ; 4.18e-10 s                  ; 3.59e-10 s                  ; No                         ; Yes                        ; 2.32 V                      ; 4.49e-09 V                  ; 2.38 V             ; -0.00552 V         ; 0.096 V                             ; 0.019 V                             ; 4.18e-10 s                 ; 3.59e-10 s                 ; No                        ; Yes                       ;
; LEDG[3]       ; 2.5 V        ; 0 s                 ; 0 s                 ; 2.32 V                       ; 4.49e-09 V                   ; 2.38 V              ; -0.00552 V          ; 0.096 V                              ; 0.019 V                              ; 4.18e-10 s                  ; 3.59e-10 s                  ; No                         ; Yes                        ; 2.32 V                      ; 4.49e-09 V                  ; 2.38 V             ; -0.00552 V         ; 0.096 V                             ; 0.019 V                             ; 4.18e-10 s                 ; 3.59e-10 s                 ; No                        ; Yes                       ;
; LEDG[4]       ; 2.5 V        ; 0 s                 ; 0 s                 ; 2.32 V                       ; 4.49e-09 V                   ; 2.38 V              ; -0.00552 V          ; 0.096 V                              ; 0.019 V                              ; 4.18e-10 s                  ; 3.59e-10 s                  ; No                         ; Yes                        ; 2.32 V                      ; 4.49e-09 V                  ; 2.38 V             ; -0.00552 V         ; 0.096 V                             ; 0.019 V                             ; 4.18e-10 s                 ; 3.59e-10 s                 ; No                        ; Yes                       ;
; LEDG[5]       ; 2.5 V        ; 0 s                 ; 0 s                 ; 2.32 V                       ; 4.49e-09 V                   ; 2.38 V              ; -0.00552 V          ; 0.096 V                              ; 0.019 V                              ; 4.18e-10 s                  ; 3.59e-10 s                  ; No                         ; Yes                        ; 2.32 V                      ; 4.49e-09 V                  ; 2.38 V             ; -0.00552 V         ; 0.096 V                             ; 0.019 V                             ; 4.18e-10 s                 ; 3.59e-10 s                 ; No                        ; Yes                       ;
; LEDG[6]       ; 2.5 V        ; 0 s                 ; 0 s                 ; 2.32 V                       ; 4.49e-09 V                   ; 2.38 V              ; -0.00552 V          ; 0.096 V                              ; 0.019 V                              ; 4.18e-10 s                  ; 3.59e-10 s                  ; No                         ; Yes                        ; 2.32 V                      ; 4.49e-09 V                  ; 2.38 V             ; -0.00552 V         ; 0.096 V                             ; 0.019 V                             ; 4.18e-10 s                 ; 3.59e-10 s                 ; No                        ; Yes                       ;
; LEDG[7]       ; 2.5 V        ; 0 s                 ; 0 s                 ; 2.32 V                       ; 4.49e-09 V                   ; 2.38 V              ; -0.00552 V          ; 0.096 V                              ; 0.019 V                              ; 4.18e-10 s                  ; 3.59e-10 s                  ; No                         ; Yes                        ; 2.32 V                      ; 4.49e-09 V                  ; 2.38 V             ; -0.00552 V         ; 0.096 V                             ; 0.019 V                             ; 4.18e-10 s                 ; 3.59e-10 s                 ; No                        ; Yes                       ;
; LEDG[8]       ; 2.5 V        ; 0 s                 ; 0 s                 ; 2.32 V                       ; 4.49e-09 V                   ; 2.38 V              ; -0.00552 V          ; 0.096 V                              ; 0.019 V                              ; 4.18e-10 s                  ; 3.59e-10 s                  ; No                         ; Yes                        ; 2.32 V                      ; 4.49e-09 V                  ; 2.38 V             ; -0.00552 V         ; 0.096 V                             ; 0.019 V                             ; 4.18e-10 s                 ; 3.59e-10 s                 ; No                        ; Yes                       ;
; ~ALTERA_DCLK~ ; 2.5 V        ; 0 s                 ; 0 s                 ; 2.32 V                       ; 2.67e-09 V                   ; 2.38 V              ; -0.0485 V           ; 0.167 V                              ; 0.096 V                              ; 2.95e-10 s                  ; 2.73e-10 s                  ; Yes                        ; Yes                        ; 2.32 V                      ; 2.67e-09 V                  ; 2.38 V             ; -0.0485 V          ; 0.167 V                             ; 0.096 V                             ; 2.95e-10 s                 ; 2.73e-10 s                 ; Yes                       ; Yes                       ;
; ~ALTERA_nCEO~ ; 2.5 V        ; 0 s                 ; 0 s                 ; 2.32 V                       ; 4.18e-09 V                   ; 2.38 V              ; -0.00483 V          ; 0.152 V                              ; 0.012 V                              ; 4.81e-10 s                  ; 6.29e-10 s                  ; Yes                        ; Yes                        ; 2.32 V                      ; 4.18e-09 V                  ; 2.38 V             ; -0.00483 V         ; 0.152 V                             ; 0.012 V                             ; 4.81e-10 s                 ; 6.29e-10 s                 ; Yes                       ; Yes                       ;
+---------------+--------------+---------------------+---------------------+------------------------------+------------------------------+---------------------+---------------------+--------------------------------------+--------------------------------------+-----------------------------+-----------------------------+----------------------------+----------------------------+-----------------------------+-----------------------------+--------------------+--------------------+-------------------------------------+-------------------------------------+----------------------------+----------------------------+---------------------------+---------------------------+


+--------------------------------------------------------------------------------------------------------------------------------------------------------------------------------------------------------------------------------------------------------------------------------------------------------------------------------------------------------------------------------------------------------------------------------------------------------------------------------------------------------------------------------------------------------------------------------------------------------------------------------------------------------------------------------------------+
; Signal Integrity Metrics (Slow 1200mv 85c Model)                                                                                                                                                                                                                                                                                                                                                                                                                                                                                                                                                                                                                                           ;
+---------------+--------------+---------------------+---------------------+------------------------------+------------------------------+---------------------+---------------------+--------------------------------------+--------------------------------------+-----------------------------+-----------------------------+----------------------------+----------------------------+-----------------------------+-----------------------------+--------------------+--------------------+-------------------------------------+-------------------------------------+----------------------------+----------------------------+---------------------------+---------------------------+
; Pin           ; I/O Standard ; Board Delay on Rise ; Board Delay on Fall ; Steady State Voh at FPGA Pin ; Steady State Vol at FPGA Pin ; Voh Max at FPGA Pin ; Vol Min at FPGA Pin ; Ringback Voltage on Rise at FPGA Pin ; Ringback Voltage on Fall at FPGA Pin ; 10-90 Rise Time at FPGA Pin ; 90-10 Fall Time at FPGA Pin ; Monotonic Rise at FPGA Pin ; Monotonic Fall at FPGA Pin ; Steady State Voh at Far-end ; Steady State Vol at Far-end ; Voh Max at Far-end ; Vol Min at Far-end ; Ringback Voltage on Rise at Far-end ; Ringback Voltage on Fall at Far-end ; 10-90 Rise Time at Far-end ; 90-10 Fall Time at Far-end ; Monotonic Rise at Far-end ; Monotonic Fall at Far-end ;
+---------------+--------------+---------------------+---------------------+------------------------------+------------------------------+---------------------+---------------------+--------------------------------------+--------------------------------------+-----------------------------+-----------------------------+----------------------------+----------------------------+-----------------------------+-----------------------------+--------------------+--------------------+-------------------------------------+-------------------------------------+----------------------------+----------------------------+---------------------------+---------------------------+
; LEDG[0]       ; 2.5 V        ; 0 s                 ; 0 s                 ; 2.32 V                       ; 6.92e-07 V                   ; 2.35 V              ; -0.00996 V          ; 0.121 V                              ; 0.03 V                               ; 4.64e-10 s                  ; 4.47e-10 s                  ; Yes                        ; Yes                        ; 2.32 V                      ; 6.92e-07 V                  ; 2.35 V             ; -0.00996 V         ; 0.121 V                             ; 0.03 V                              ; 4.64e-10 s                 ; 4.47e-10 s                 ; Yes                       ; Yes                       ;
; LEDG[1]       ; 2.5 V        ; 0 s                 ; 0 s                 ; 2.32 V                       ; 6.92e-07 V                   ; 2.35 V              ; -0.00996 V          ; 0.121 V                              ; 0.03 V                               ; 4.64e-10 s                  ; 4.47e-10 s                  ; Yes                        ; Yes                        ; 2.32 V                      ; 6.92e-07 V                  ; 2.35 V             ; -0.00996 V         ; 0.121 V                             ; 0.03 V                              ; 4.64e-10 s                 ; 4.47e-10 s                 ; Yes                       ; Yes                       ;
; LEDG[2]       ; 2.5 V        ; 0 s                 ; 0 s                 ; 2.32 V                       ; 6.92e-07 V                   ; 2.35 V              ; -0.00996 V          ; 0.121 V                              ; 0.03 V                               ; 4.64e-10 s                  ; 4.47e-10 s                  ; Yes                        ; Yes                        ; 2.32 V                      ; 6.92e-07 V                  ; 2.35 V             ; -0.00996 V         ; 0.121 V                             ; 0.03 V                              ; 4.64e-10 s                 ; 4.47e-10 s                 ; Yes                       ; Yes                       ;
; LEDG[3]       ; 2.5 V        ; 0 s                 ; 0 s                 ; 2.32 V                       ; 6.92e-07 V                   ; 2.35 V              ; -0.00996 V          ; 0.121 V                              ; 0.03 V                               ; 4.64e-10 s                  ; 4.47e-10 s                  ; Yes                        ; Yes                        ; 2.32 V                      ; 6.92e-07 V                  ; 2.35 V             ; -0.00996 V         ; 0.121 V                             ; 0.03 V                              ; 4.64e-10 s                 ; 4.47e-10 s                 ; Yes                       ; Yes                       ;
; LEDG[4]       ; 2.5 V        ; 0 s                 ; 0 s                 ; 2.32 V                       ; 6.92e-07 V                   ; 2.35 V              ; -0.00996 V          ; 0.121 V                              ; 0.03 V                               ; 4.64e-10 s                  ; 4.47e-10 s                  ; Yes                        ; Yes                        ; 2.32 V                      ; 6.92e-07 V                  ; 2.35 V             ; -0.00996 V         ; 0.121 V                             ; 0.03 V                              ; 4.64e-10 s                 ; 4.47e-10 s                 ; Yes                       ; Yes                       ;
; LEDG[5]       ; 2.5 V        ; 0 s                 ; 0 s                 ; 2.32 V                       ; 6.92e-07 V                   ; 2.35 V              ; -0.00996 V          ; 0.121 V                              ; 0.03 V                               ; 4.64e-10 s                  ; 4.47e-10 s                  ; Yes                        ; Yes                        ; 2.32 V                      ; 6.92e-07 V                  ; 2.35 V             ; -0.00996 V         ; 0.121 V                             ; 0.03 V                              ; 4.64e-10 s                 ; 4.47e-10 s                 ; Yes                       ; Yes                       ;
; LEDG[6]       ; 2.5 V        ; 0 s                 ; 0 s                 ; 2.32 V                       ; 6.92e-07 V                   ; 2.35 V              ; -0.00996 V          ; 0.121 V                              ; 0.03 V                               ; 4.64e-10 s                  ; 4.47e-10 s                  ; Yes                        ; Yes                        ; 2.32 V                      ; 6.92e-07 V                  ; 2.35 V             ; -0.00996 V         ; 0.121 V                             ; 0.03 V                              ; 4.64e-10 s                 ; 4.47e-10 s                 ; Yes                       ; Yes                       ;
; LEDG[7]       ; 2.5 V        ; 0 s                 ; 0 s                 ; 2.32 V                       ; 6.92e-07 V                   ; 2.35 V              ; -0.00996 V          ; 0.121 V                              ; 0.03 V                               ; 4.64e-10 s                  ; 4.47e-10 s                  ; Yes                        ; Yes                        ; 2.32 V                      ; 6.92e-07 V                  ; 2.35 V             ; -0.00996 V         ; 0.121 V                             ; 0.03 V                              ; 4.64e-10 s                 ; 4.47e-10 s                 ; Yes                       ; Yes                       ;
; LEDG[8]       ; 2.5 V        ; 0 s                 ; 0 s                 ; 2.32 V                       ; 6.92e-07 V                   ; 2.35 V              ; -0.00996 V          ; 0.121 V                              ; 0.03 V                               ; 4.64e-10 s                  ; 4.47e-10 s                  ; Yes                        ; Yes                        ; 2.32 V                      ; 6.92e-07 V                  ; 2.35 V             ; -0.00996 V         ; 0.121 V                             ; 0.03 V                              ; 4.64e-10 s                 ; 4.47e-10 s                 ; Yes                       ; Yes                       ;
; ~ALTERA_DCLK~ ; 2.5 V        ; 0 s                 ; 0 s                 ; 2.32 V                       ; 3.75e-07 V                   ; 2.35 V              ; -0.0109 V           ; 0.084 V                              ; 0.027 V                              ; 4.31e-10 s                  ; 3.61e-10 s                  ; Yes                        ; Yes                        ; 2.32 V                      ; 3.75e-07 V                  ; 2.35 V             ; -0.0109 V          ; 0.084 V                             ; 0.027 V                             ; 4.31e-10 s                 ; 3.61e-10 s                 ; Yes                       ; Yes                       ;
; ~ALTERA_nCEO~ ; 2.5 V        ; 0 s                 ; 0 s                 ; 2.32 V                       ; 6.15e-07 V                   ; 2.35 V              ; -0.00712 V          ; 0.093 V                              ; 0.02 V                               ; 6.21e-10 s                  ; 7.9e-10 s                   ; Yes                        ; Yes                        ; 2.32 V                      ; 6.15e-07 V                  ; 2.35 V             ; -0.00712 V         ; 0.093 V                             ; 0.02 V                              ; 6.21e-10 s                 ; 7.9e-10 s                  ; Yes                       ; Yes                       ;
+---------------+--------------+---------------------+---------------------+------------------------------+------------------------------+---------------------+---------------------+--------------------------------------+--------------------------------------+-----------------------------+-----------------------------+----------------------------+----------------------------+-----------------------------+-----------------------------+--------------------+--------------------+-------------------------------------+-------------------------------------+----------------------------+----------------------------+---------------------------+---------------------------+


+--------------------------------------------------------------------------------------------------------------------------------------------------------------------------------------------------------------------------------------------------------------------------------------------------------------------------------------------------------------------------------------------------------------------------------------------------------------------------------------------------------------------------------------------------------------------------------------------------------------------------------------------------------------------------------------------+
; Signal Integrity Metrics (Fast 1200mv 0c Model)                                                                                                                                                                                                                                                                                                                                                                                                                                                                                                                                                                                                                                            ;
+---------------+--------------+---------------------+---------------------+------------------------------+------------------------------+---------------------+---------------------+--------------------------------------+--------------------------------------+-----------------------------+-----------------------------+----------------------------+----------------------------+-----------------------------+-----------------------------+--------------------+--------------------+-------------------------------------+-------------------------------------+----------------------------+----------------------------+---------------------------+---------------------------+
; Pin           ; I/O Standard ; Board Delay on Rise ; Board Delay on Fall ; Steady State Voh at FPGA Pin ; Steady State Vol at FPGA Pin ; Voh Max at FPGA Pin ; Vol Min at FPGA Pin ; Ringback Voltage on Rise at FPGA Pin ; Ringback Voltage on Fall at FPGA Pin ; 10-90 Rise Time at FPGA Pin ; 90-10 Fall Time at FPGA Pin ; Monotonic Rise at FPGA Pin ; Monotonic Fall at FPGA Pin ; Steady State Voh at Far-end ; Steady State Vol at Far-end ; Voh Max at Far-end ; Vol Min at Far-end ; Ringback Voltage on Rise at Far-end ; Ringback Voltage on Fall at Far-end ; 10-90 Rise Time at Far-end ; 90-10 Fall Time at Far-end ; Monotonic Rise at Far-end ; Monotonic Fall at Far-end ;
+---------------+--------------+---------------------+---------------------+------------------------------+------------------------------+---------------------+---------------------+--------------------------------------+--------------------------------------+-----------------------------+-----------------------------+----------------------------+----------------------------+-----------------------------+-----------------------------+--------------------+--------------------+-------------------------------------+-------------------------------------+----------------------------+----------------------------+---------------------------+---------------------------+
; LEDG[0]       ; 2.5 V        ; 0 s                 ; 0 s                 ; 2.62 V                       ; 4.05e-08 V                   ; 2.72 V              ; -0.0349 V           ; 0.173 V                              ; 0.1 V                                ; 2.72e-10 s                  ; 2.69e-10 s                  ; Yes                        ; Yes                        ; 2.62 V                      ; 4.05e-08 V                  ; 2.72 V             ; -0.0349 V          ; 0.173 V                             ; 0.1 V                               ; 2.72e-10 s                 ; 2.69e-10 s                 ; Yes                       ; Yes                       ;
; LEDG[1]       ; 2.5 V        ; 0 s                 ; 0 s                 ; 2.62 V                       ; 4.05e-08 V                   ; 2.72 V              ; -0.0349 V           ; 0.173 V                              ; 0.1 V                                ; 2.72e-10 s                  ; 2.69e-10 s                  ; Yes                        ; Yes                        ; 2.62 V                      ; 4.05e-08 V                  ; 2.72 V             ; -0.0349 V          ; 0.173 V                             ; 0.1 V                               ; 2.72e-10 s                 ; 2.69e-10 s                 ; Yes                       ; Yes                       ;
; LEDG[2]       ; 2.5 V        ; 0 s                 ; 0 s                 ; 2.62 V                       ; 4.05e-08 V                   ; 2.72 V              ; -0.0349 V           ; 0.173 V                              ; 0.1 V                                ; 2.72e-10 s                  ; 2.69e-10 s                  ; Yes                        ; Yes                        ; 2.62 V                      ; 4.05e-08 V                  ; 2.72 V             ; -0.0349 V          ; 0.173 V                             ; 0.1 V                               ; 2.72e-10 s                 ; 2.69e-10 s                 ; Yes                       ; Yes                       ;
; LEDG[3]       ; 2.5 V        ; 0 s                 ; 0 s                 ; 2.62 V                       ; 4.05e-08 V                   ; 2.72 V              ; -0.0349 V           ; 0.173 V                              ; 0.1 V                                ; 2.72e-10 s                  ; 2.69e-10 s                  ; Yes                        ; Yes                        ; 2.62 V                      ; 4.05e-08 V                  ; 2.72 V             ; -0.0349 V          ; 0.173 V                             ; 0.1 V                               ; 2.72e-10 s                 ; 2.69e-10 s                 ; Yes                       ; Yes                       ;
; LEDG[4]       ; 2.5 V        ; 0 s                 ; 0 s                 ; 2.62 V                       ; 4.05e-08 V                   ; 2.72 V              ; -0.0349 V           ; 0.173 V                              ; 0.1 V                                ; 2.72e-10 s                  ; 2.69e-10 s                  ; Yes                        ; Yes                        ; 2.62 V                      ; 4.05e-08 V                  ; 2.72 V             ; -0.0349 V          ; 0.173 V                             ; 0.1 V                               ; 2.72e-10 s                 ; 2.69e-10 s                 ; Yes                       ; Yes                       ;
; LEDG[5]       ; 2.5 V        ; 0 s                 ; 0 s                 ; 2.62 V                       ; 4.05e-08 V                   ; 2.72 V              ; -0.0349 V           ; 0.173 V                              ; 0.1 V                                ; 2.72e-10 s                  ; 2.69e-10 s                  ; Yes                        ; Yes                        ; 2.62 V                      ; 4.05e-08 V                  ; 2.72 V             ; -0.0349 V          ; 0.173 V                             ; 0.1 V                               ; 2.72e-10 s                 ; 2.69e-10 s                 ; Yes                       ; Yes                       ;
; LEDG[6]       ; 2.5 V        ; 0 s                 ; 0 s                 ; 2.62 V                       ; 4.05e-08 V                   ; 2.72 V              ; -0.0349 V           ; 0.173 V                              ; 0.1 V                                ; 2.72e-10 s                  ; 2.69e-10 s                  ; Yes                        ; Yes                        ; 2.62 V                      ; 4.05e-08 V                  ; 2.72 V             ; -0.0349 V          ; 0.173 V                             ; 0.1 V                               ; 2.72e-10 s                 ; 2.69e-10 s                 ; Yes                       ; Yes                       ;
; LEDG[7]       ; 2.5 V        ; 0 s                 ; 0 s                 ; 2.62 V                       ; 4.05e-08 V                   ; 2.72 V              ; -0.0349 V           ; 0.173 V                              ; 0.1 V                                ; 2.72e-10 s                  ; 2.69e-10 s                  ; Yes                        ; Yes                        ; 2.62 V                      ; 4.05e-08 V                  ; 2.72 V             ; -0.0349 V          ; 0.173 V                             ; 0.1 V                               ; 2.72e-10 s                 ; 2.69e-10 s                 ; Yes                       ; Yes                       ;
; LEDG[8]       ; 2.5 V        ; 0 s                 ; 0 s                 ; 2.62 V                       ; 4.05e-08 V                   ; 2.72 V              ; -0.0349 V           ; 0.173 V                              ; 0.1 V                                ; 2.72e-10 s                  ; 2.69e-10 s                  ; Yes                        ; Yes                        ; 2.62 V                      ; 4.05e-08 V                  ; 2.72 V             ; -0.0349 V          ; 0.173 V                             ; 0.1 V                               ; 2.72e-10 s                 ; 2.69e-10 s                 ; Yes                       ; Yes                       ;
; ~ALTERA_DCLK~ ; 2.5 V        ; 0 s                 ; 0 s                 ; 2.62 V                       ; 2.22e-08 V                   ; 2.74 V              ; -0.06 V             ; 0.158 V                              ; 0.08 V                               ; 2.68e-10 s                  ; 2.19e-10 s                  ; Yes                        ; Yes                        ; 2.62 V                      ; 2.22e-08 V                  ; 2.74 V             ; -0.06 V            ; 0.158 V                             ; 0.08 V                              ; 2.68e-10 s                 ; 2.19e-10 s                 ; Yes                       ; Yes                       ;
; ~ALTERA_nCEO~ ; 2.5 V        ; 0 s                 ; 0 s                 ; 2.62 V                       ; 3.54e-08 V                   ; 2.7 V               ; -0.00943 V          ; 0.276 V                              ; 0.035 V                              ; 3.19e-10 s                  ; 4.99e-10 s                  ; No                         ; Yes                        ; 2.62 V                      ; 3.54e-08 V                  ; 2.7 V              ; -0.00943 V         ; 0.276 V                             ; 0.035 V                             ; 3.19e-10 s                 ; 4.99e-10 s                 ; No                        ; Yes                       ;
+---------------+--------------+---------------------+---------------------+------------------------------+------------------------------+---------------------+---------------------+--------------------------------------+--------------------------------------+-----------------------------+-----------------------------+----------------------------+----------------------------+-----------------------------+-----------------------------+--------------------+--------------------+-------------------------------------+-------------------------------------+----------------------------+----------------------------+---------------------------+---------------------------+


+-------------------------------------------------------------------+
; Setup Transfers                                                   ;
+------------+----------+----------+----------+----------+----------+
; From Clock ; To Clock ; RR Paths ; FR Paths ; RF Paths ; FF Paths ;
+------------+----------+----------+----------+----------+----------+
; CLOCK_50   ; CLOCK_50 ; 0        ; 0        ; 0        ; 28       ;
+------------+----------+----------+----------+----------+----------+
Entries labeled "false path" only account for clock-to-clock false paths and not path-based false paths. As a result, actual path counts may be lower than reported.


+-------------------------------------------------------------------+
; Hold Transfers                                                    ;
+------------+----------+----------+----------+----------+----------+
; From Clock ; To Clock ; RR Paths ; FR Paths ; RF Paths ; FF Paths ;
+------------+----------+----------+----------+----------+----------+
; CLOCK_50   ; CLOCK_50 ; 0        ; 0        ; 0        ; 28       ;
+------------+----------+----------+----------+----------+----------+
Entries labeled "false path" only account for clock-to-clock false paths and not path-based false paths. As a result, actual path counts may be lower than reported.


---------------
; Report TCCS ;
---------------
No dedicated SERDES Transmitter circuitry present in device or used in design


---------------
; Report RSKM ;
---------------
No non-DPA dedicated SERDES Receiver circuitry present in device or used in design


+------------------------------------------------+
; Unconstrained Paths Summary                    ;
+---------------------------------+-------+------+
; Property                        ; Setup ; Hold ;
+---------------------------------+-------+------+
; Illegal Clocks                  ; 0     ; 0    ;
; Unconstrained Clocks            ; 0     ; 0    ;
; Unconstrained Input Ports       ; 2     ; 2    ;
; Unconstrained Input Port Paths  ; 2     ; 2    ;
; Unconstrained Output Ports      ; 8     ; 8    ;
; Unconstrained Output Port Paths ; 8     ; 8    ;
+---------------------------------+-------+------+


+------------------------------------------+
; Clock Status Summary                     ;
+----------+----------+------+-------------+
; Target   ; Clock    ; Type ; Status      ;
+----------+----------+------+-------------+
; CLOCK_50 ; CLOCK_50 ; Base ; Constrained ;
+----------+----------+------+-------------+


+---------------------------------------------------------------------------------------------------+
; Unconstrained Input Ports                                                                         ;
+------------+--------------------------------------------------------------------------------------+
; Input Port ; Comment                                                                              ;
+------------+--------------------------------------------------------------------------------------+
; KEY[0]     ; No input delay, min/max delays, false-path exceptions, or max skew assignments found ;
; KEY[1]     ; No input delay, min/max delays, false-path exceptions, or max skew assignments found ;
+------------+--------------------------------------------------------------------------------------+


+-----------------------------------------------------------------------------------------------------+
; Unconstrained Output Ports                                                                          ;
+-------------+---------------------------------------------------------------------------------------+
; Output Port ; Comment                                                                               ;
+-------------+---------------------------------------------------------------------------------------+
; LEDG[0]     ; No output delay, min/max delays, false-path exceptions, or max skew assignments found ;
; LEDG[1]     ; No output delay, min/max delays, false-path exceptions, or max skew assignments found ;
; LEDG[2]     ; No output delay, min/max delays, false-path exceptions, or max skew assignments found ;
; LEDG[3]     ; No output delay, min/max delays, false-path exceptions, or max skew assignments found ;
; LEDG[4]     ; No output delay, min/max delays, false-path exceptions, or max skew assignments found ;
; LEDG[5]     ; No output delay, min/max delays, false-path exceptions, or max skew assignments found ;
; LEDG[6]     ; No output delay, min/max delays, false-path exceptions, or max skew assignments found ;
; LEDG[7]     ; No output delay, min/max delays, false-path exceptions, or max skew assignments found ;
+-------------+---------------------------------------------------------------------------------------+


+---------------------------------------------------------------------------------------------------+
; Unconstrained Input Ports                                                                         ;
+------------+--------------------------------------------------------------------------------------+
; Input Port ; Comment                                                                              ;
+------------+--------------------------------------------------------------------------------------+
; KEY[0]     ; No input delay, min/max delays, false-path exceptions, or max skew assignments found ;
; KEY[1]     ; No input delay, min/max delays, false-path exceptions, or max skew assignments found ;
+------------+--------------------------------------------------------------------------------------+


+-----------------------------------------------------------------------------------------------------+
; Unconstrained Output Ports                                                                          ;
+-------------+---------------------------------------------------------------------------------------+
; Output Port ; Comment                                                                               ;
+-------------+---------------------------------------------------------------------------------------+
; LEDG[0]     ; No output delay, min/max delays, false-path exceptions, or max skew assignments found ;
; LEDG[1]     ; No output delay, min/max delays, false-path exceptions, or max skew assignments found ;
; LEDG[2]     ; No output delay, min/max delays, false-path exceptions, or max skew assignments found ;
; LEDG[3]     ; No output delay, min/max delays, false-path exceptions, or max skew assignments found ;
; LEDG[4]     ; No output delay, min/max delays, false-path exceptions, or max skew assignments found ;
; LEDG[5]     ; No output delay, min/max delays, false-path exceptions, or max skew assignments found ;
; LEDG[6]     ; No output delay, min/max delays, false-path exceptions, or max skew assignments found ;
; LEDG[7]     ; No output delay, min/max delays, false-path exceptions, or max skew assignments found ;
+-------------+---------------------------------------------------------------------------------------+


+--------------------------+
; Timing Analyzer Messages ;
+--------------------------+
Info: *******************************************************************
Info: Running Quartus Prime Timing Analyzer
    Info: Version 18.1.0 Build 625 09/12/2018 SJ Lite Edition
    Info: Processing started: Thu Mar 21 20:36:55 2019
Info: Command: quartus_sta 0321 -c 0321
Info: qsta_default_script.tcl version: #1
Warning (18236): Number of processors has not been specified which may cause overloading on shared machines.  Set the global assignment NUM_PARALLEL_PROCESSORS in your QSF to an appropriate value for best performance.
Info (20030): Parallel compilation is enabled and will use 4 of the 4 processors detected
Info (21077): Low junction temperature is 0 degrees C
Info (21077): High junction temperature is 85 degrees C
Critical Warning (332012): Synopsys Design Constraints File file not found: '0321.sdc'. A Synopsys Design Constraints File is required by the Timing Analyzer to get proper timing constraints. Without it, the Compiler will not properly optimize the design.
Info (332142): No user constrained base clocks found in the design. Calling "derive_clocks -period 1.0"
Info (332105): Deriving Clocks
    Info (332105): create_clock -period 1.000 -name CLOCK_50 CLOCK_50
Info (332143): No user constrained clock uncertainty found in the design. Calling "derive_clock_uncertainty"
Info (332123): Deriving Clock Uncertainty. Please refer to report_sdc in the Timing Analyzer to see clock uncertainties.
Info: Found TIMING_ANALYZER_REPORT_SCRIPT_INCLUDE_DEFAULT_ANALYSIS = ON
Info: Analyzing Slow 1200mV 85C Model
Critical Warning (332148): Timing requirements not met
    Info (11105): For recommendations on closing timing, run Report Timing Closure Recommendations in the Timing Analyzer.
Info (332146): Worst-case setup slack is -0.740
    Info (332119):     Slack       End Point TNS Clock 
    Info (332119): ========= =================== =====================
    Info (332119):    -0.740              -5.698 CLOCK_50 
Info (332146): Worst-case hold slack is 0.405
    Info (332119):     Slack       End Point TNS Clock 
    Info (332119): ========= =================== =====================
    Info (332119):     0.405               0.000 CLOCK_50 
Info (332140): No Recovery paths to report
Info (332140): No Removal paths to report
Info (332146): Worst-case minimum pulse width slack is -3.000
    Info (332119):     Slack       End Point TNS Clock 
    Info (332119): ========= =================== =====================
    Info (332119):    -3.000             -20.990 CLOCK_50 
Info (332114): Report Metastability: Found 2 synchronizer chains.
    Info (332114): Design MTBF is not calculated because the design doesn't meet its timing requirements.
Info: Analyzing Slow 1200mV 0C Model
Info (334003): Started post-fitting delay annotation
Info (334004): Delay annotation completed successfully
Info (332123): Deriving Clock Uncertainty. Please refer to report_sdc in the Timing Analyzer to see clock uncertainties.
Critical Warning (332148): Timing requirements not met
    Info (11105): For recommendations on closing timing, run Report Timing Closure Recommendations in the Timing Analyzer.
Info (332146): Worst-case setup slack is -0.586
    Info (332119):     Slack       End Point TNS Clock 
    Info (332119): ========= =================== =====================
    Info (332119):    -0.586              -4.326 CLOCK_50 
Info (332146): Worst-case hold slack is 0.356
    Info (332119):     Slack       End Point TNS Clock 
    Info (332119): ========= =================== =====================
    Info (332119):     0.356               0.000 CLOCK_50 
Info (332140): No Recovery paths to report
Info (332140): No Removal paths to report
Info (332146): Worst-case minimum pulse width slack is -3.000
    Info (332119):     Slack       End Point TNS Clock 
    Info (332119): ========= =================== =====================
    Info (332119):    -3.000             -20.990 CLOCK_50 
Info (332114): Report Metastability: Found 2 synchronizer chains.
    Info (332114): Design MTBF is not calculated because the design doesn't meet its timing requirements.
Info: Analyzing Fast 1200mV 0C Model
Info (332123): Deriving Clock Uncertainty. Please refer to report_sdc in the Timing Analyzer to see clock uncertainties.
Info (332146): Worst-case setup slack is 0.153
    Info (332119):     Slack       End Point TNS Clock 
    Info (332119): ========= =================== =====================
    Info (332119):     0.153               0.000 CLOCK_50 
Info (332146): Worst-case hold slack is 0.180
    Info (332119):     Slack       End Point TNS Clock 
    Info (332119): ========= =================== =====================
    Info (332119):     0.180               0.000 CLOCK_50 
Info (332140): No Recovery paths to report
Info (332140): No Removal paths to report
Critical Warning (332148): Timing requirements not met
    Info (11105): For recommendations on closing timing, run Report Timing Closure Recommendations in the Timing Analyzer.
Info (332146): Worst-case minimum pulse width slack is -3.000
    Info (332119):     Slack       End Point TNS Clock 
    Info (332119): ========= =================== =====================
    Info (332119):    -3.000             -18.442 CLOCK_50 
Info (332114): Report Metastability: Found 2 synchronizer chains.
    Info (332114): The design MTBF is not calculated because there are no specified synchronizers in the design.
    Info (332114): Number of Synchronizer Chains Found: 2
    Info (332114): Shortest Synchronizer Chain: 2 Registers
    Info (332114): Fraction of Chains for which MTBFs Could Not be Calculated: 1.000
    Info (332114): Worst Case Available Settling Time: 0.725 ns
    Info (332114): 
Info (332102): Design is not fully constrained for setup requirements
Info (332102): Design is not fully constrained for hold requirements
Info: Quartus Prime Timing Analyzer was successful. 0 errors, 5 warnings
    Info: Peak virtual memory: 4855 megabytes
    Info: Processing ended: Thu Mar 21 20:36:58 2019
    Info: Elapsed time: 00:00:03
    Info: Total CPU time (on all processors): 00:00:02


